{
  "D:\\forStudy\\movie2 - 1\\moviesApp\\src\\components\\headerMovieList\\index.js": {
    "path": "D:\\forStudy\\movie2 - 1\\moviesApp\\src\\components\\headerMovieList\\index.js",
    "statementMap": {
      "0": {
        "start": {
          "line": 3,
          "column": 15
        },
        "end": {
          "line": 14,
          "column": 1
        }
      },
      "1": {
        "start": {
          "line": 4,
          "column": 2
        },
        "end": {
          "line": 13,
          "column": 4
        }
      }
    },
    "fnMap": {
      "0": {
        "name": "(anonymous_0)",
        "decl": {
          "start": {
            "line": 3,
            "column": 15
          },
          "end": {
            "line": 3,
            "column": 16
          }
        },
        "loc": {
          "start": {
            "line": 3,
            "column": 41
          },
          "end": {
            "line": 14,
            "column": 1
          }
        },
        "line": 3
      }
    },
    "branchMap": {},
    "s": {
      "0": 11,
      "1": 23
    },
    "f": {
      "0": 23
    },
    "b": {},
    "_coverageSchema": "1a1c01bbd47fc00a2c39e90264f33305004495a9",
    "hash": "fc076c1bc19744ca8495e4b517c8a0cd2aafa72f"
  },
  "D:\\forStudy\\movie2 - 1\\moviesApp\\src\\globals\\fontawesome.js": {
    "path": "D:\\forStudy\\movie2 - 1\\moviesApp\\src\\globals\\fontawesome.js",
    "statementMap": {
      "0": {
        "start": {
          "line": 11,
          "column": 0
        },
        "end": {
          "line": 11,
          "column": 77
        }
      }
    },
    "fnMap": {},
    "branchMap": {},
    "s": {
      "0": 11
    },
    "f": {},
    "b": {},
    "_coverageSchema": "1a1c01bbd47fc00a2c39e90264f33305004495a9",
    "hash": "054218ee97be35645d91ed9e104762c0c00c8a6e"
  },
  "D:\\forStudy\\movie2 - 1\\moviesApp\\src\\components\\movieCard\\index.js": {
    "path": "D:\\forStudy\\movie2 - 1\\moviesApp\\src\\components\\movieCard\\index.js",
    "statementMap": {
      "0": {
        "start": {
          "line": 6,
          "column": 18
        },
        "end": {
          "line": 39,
          "column": 1
        }
      },
      "1": {
        "start": {
          "line": 8,
          "column": 2
        },
        "end": {
          "line": 38,
          "column": 4
        }
      }
    },
    "fnMap": {
      "0": {
        "name": "(anonymous_0)",
        "decl": {
          "start": {
            "line": 6,
            "column": 18
          },
          "end": {
            "line": 6,
            "column": 19
          }
        },
        "loc": {
          "start": {
            "line": 6,
            "column": 39
          },
          "end": {
            "line": 39,
            "column": 1
          }
        },
        "line": 6
      }
    },
    "branchMap": {
      "0": {
        "loc": {
          "start": {
            "line": 20,
            "column": 12
          },
          "end": {
            "line": 22,
            "column": 47
          }
        },
        "type": "cond-expr",
        "locations": [
          {
            "start": {
              "line": 21,
              "column": 16
            },
            "end": {
              "line": 21,
              "column": 70
            }
          },
          {
            "start": {
              "line": 22,
              "column": 16
            },
            "end": {
              "line": 22,
              "column": 47
            }
          }
        ],
        "line": 20
      }
    },
    "s": {
      "0": 11,
      "1": 240
    },
    "f": {
      "0": 240
    },
    "b": {
      "0": [
        240,
        0
      ]
    },
    "_coverageSchema": "1a1c01bbd47fc00a2c39e90264f33305004495a9",
    "hash": "5f477c987103dfa78719fcccd448d4f862c6a475"
  },
  "D:\\forStudy\\movie2 - 1\\moviesApp\\src\\components\\movieList\\index.js": {
    "path": "D:\\forStudy\\movie2 - 1\\moviesApp\\src\\components\\movieList\\index.js",
    "statementMap": {
      "0": {
        "start": {
          "line": 5,
          "column": 18
        },
        "end": {
          "line": 10,
          "column": 1
        }
      },
      "1": {
        "start": {
          "line": 6,
          "column": 21
        },
        "end": {
          "line": 8,
          "column": 4
        }
      },
      "2": {
        "start": {
          "line": 7,
          "column": 4
        },
        "end": {
          "line": 7,
          "column": 50
        }
      },
      "3": {
        "start": {
          "line": 9,
          "column": 2
        },
        "end": {
          "line": 9,
          "column": 56
        }
      }
    },
    "fnMap": {
      "0": {
        "name": "(anonymous_0)",
        "decl": {
          "start": {
            "line": 5,
            "column": 18
          },
          "end": {
            "line": 5,
            "column": 19
          }
        },
        "loc": {
          "start": {
            "line": 5,
            "column": 40
          },
          "end": {
            "line": 10,
            "column": 1
          }
        },
        "line": 5
      },
      "1": {
        "name": "(anonymous_1)",
        "decl": {
          "start": {
            "line": 6,
            "column": 32
          },
          "end": {
            "line": 6,
            "column": 33
          }
        },
        "loc": {
          "start": {
            "line": 7,
            "column": 4
          },
          "end": {
            "line": 7,
            "column": 50
          }
        },
        "line": 7
      }
    },
    "branchMap": {},
    "s": {
      "0": 11,
      "1": 23,
      "2": 240,
      "3": 23
    },
    "f": {
      "0": 23,
      "1": 240
    },
    "b": {},
    "_coverageSchema": "1a1c01bbd47fc00a2c39e90264f33305004495a9",
    "hash": "3c38394b51571e94036c4c269af797ab161decb1"
  },
  "D:\\forStudy\\movie2 - 1\\moviesApp\\src\\api\\tmdb-api.js": {
    "path": "D:\\forStudy\\movie2 - 1\\moviesApp\\src\\api\\tmdb-api.js",
    "statementMap": {
      "0": {
        "start": {
          "line": 1,
          "column": 25
        },
        "end": {
          "line": 7,
          "column": 3
        }
      },
      "1": {
        "start": {
          "line": 2,
          "column": 4
        },
        "end": {
          "line": 6,
          "column": 34
        }
      },
      "2": {
        "start": {
          "line": 5,
          "column": 19
        },
        "end": {
          "line": 5,
          "column": 29
        }
      },
      "3": {
        "start": {
          "line": 6,
          "column": 20
        },
        "end": {
          "line": 6,
          "column": 32
        }
      },
      "4": {
        "start": {
          "line": 9,
          "column": 26
        },
        "end": {
          "line": 13,
          "column": 3
        }
      },
      "5": {
        "start": {
          "line": 10,
          "column": 4
        },
        "end": {
          "line": 12,
          "column": 30
        }
      },
      "6": {
        "start": {
          "line": 12,
          "column": 18
        },
        "end": {
          "line": 12,
          "column": 28
        }
      },
      "7": {
        "start": {
          "line": 15,
          "column": 27
        },
        "end": {
          "line": 23,
          "column": 3
        }
      },
      "8": {
        "start": {
          "line": 16,
          "column": 4
        },
        "end": {
          "line": 22,
          "column": 33
        }
      },
      "9": {
        "start": {
          "line": 21,
          "column": 19
        },
        "end": {
          "line": 21,
          "column": 29
        }
      },
      "10": {
        "start": {
          "line": 22,
          "column": 20
        },
        "end": {
          "line": 22,
          "column": 31
        }
      },
      "11": {
        "start": {
          "line": 25,
          "column": 33
        },
        "end": {
          "line": 31,
          "column": 3
        }
      },
      "12": {
        "start": {
          "line": 26,
          "column": 4
        },
        "end": {
          "line": 30,
          "column": 34
        }
      },
      "13": {
        "start": {
          "line": 29,
          "column": 19
        },
        "end": {
          "line": 29,
          "column": 29
        }
      },
      "14": {
        "start": {
          "line": 30,
          "column": 20
        },
        "end": {
          "line": 30,
          "column": 32
        }
      },
      "15": {
        "start": {
          "line": 33,
          "column": 35
        },
        "end": {
          "line": 39,
          "column": 3
        }
      },
      "16": {
        "start": {
          "line": 34,
          "column": 4
        },
        "end": {
          "line": 38,
          "column": 34
        }
      },
      "17": {
        "start": {
          "line": 37,
          "column": 19
        },
        "end": {
          "line": 37,
          "column": 29
        }
      },
      "18": {
        "start": {
          "line": 38,
          "column": 20
        },
        "end": {
          "line": 38,
          "column": 32
        }
      },
      "19": {
        "start": {
          "line": 40,
          "column": 35
        },
        "end": {
          "line": 46,
          "column": 3
        }
      },
      "20": {
        "start": {
          "line": 41,
          "column": 4
        },
        "end": {
          "line": 45,
          "column": 34
        }
      },
      "21": {
        "start": {
          "line": 44,
          "column": 19
        },
        "end": {
          "line": 44,
          "column": 29
        }
      },
      "22": {
        "start": {
          "line": 45,
          "column": 20
        },
        "end": {
          "line": 45,
          "column": 32
        }
      },
      "23": {
        "start": {
          "line": 48,
          "column": 34
        },
        "end": {
          "line": 54,
          "column": 3
        }
      },
      "24": {
        "start": {
          "line": 49,
          "column": 4
        },
        "end": {
          "line": 53,
          "column": 34
        }
      },
      "25": {
        "start": {
          "line": 52,
          "column": 19
        },
        "end": {
          "line": 52,
          "column": 29
        }
      },
      "26": {
        "start": {
          "line": 53,
          "column": 20
        },
        "end": {
          "line": 53,
          "column": 32
        }
      },
      "27": {
        "start": {
          "line": 56,
          "column": 27
        },
        "end": {
          "line": 60,
          "column": 3
        }
      },
      "28": {
        "start": {
          "line": 57,
          "column": 4
        },
        "end": {
          "line": 59,
          "column": 30
        }
      },
      "29": {
        "start": {
          "line": 59,
          "column": 18
        },
        "end": {
          "line": 59,
          "column": 28
        }
      },
      "30": {
        "start": {
          "line": 62,
          "column": 38
        },
        "end": {
          "line": 66,
          "column": 3
        }
      },
      "31": {
        "start": {
          "line": 63,
          "column": 4
        },
        "end": {
          "line": 65,
          "column": 29
        }
      },
      "32": {
        "start": {
          "line": 65,
          "column": 18
        },
        "end": {
          "line": 65,
          "column": 28
        }
      },
      "33": {
        "start": {
          "line": 68,
          "column": 34
        },
        "end": {
          "line": 72,
          "column": 3
        }
      },
      "34": {
        "start": {
          "line": 69,
          "column": 4
        },
        "end": {
          "line": 71,
          "column": 29
        }
      },
      "35": {
        "start": {
          "line": 71,
          "column": 18
        },
        "end": {
          "line": 71,
          "column": 28
        }
      }
    },
    "fnMap": {
      "0": {
        "name": "(anonymous_0)",
        "decl": {
          "start": {
            "line": 1,
            "column": 25
          },
          "end": {
            "line": 1,
            "column": 26
          }
        },
        "loc": {
          "start": {
            "line": 1,
            "column": 31
          },
          "end": {
            "line": 7,
            "column": 3
          }
        },
        "line": 1
      },
      "1": {
        "name": "(anonymous_1)",
        "decl": {
          "start": {
            "line": 5,
            "column": 12
          },
          "end": {
            "line": 5,
            "column": 13
          }
        },
        "loc": {
          "start": {
            "line": 5,
            "column": 19
          },
          "end": {
            "line": 5,
            "column": 29
          }
        },
        "line": 5
      },
      "2": {
        "name": "(anonymous_2)",
        "decl": {
          "start": {
            "line": 6,
            "column": 12
          },
          "end": {
            "line": 6,
            "column": 13
          }
        },
        "loc": {
          "start": {
            "line": 6,
            "column": 20
          },
          "end": {
            "line": 6,
            "column": 32
          }
        },
        "line": 6
      },
      "3": {
        "name": "(anonymous_3)",
        "decl": {
          "start": {
            "line": 9,
            "column": 26
          },
          "end": {
            "line": 9,
            "column": 27
          }
        },
        "loc": {
          "start": {
            "line": 9,
            "column": 32
          },
          "end": {
            "line": 13,
            "column": 3
          }
        },
        "line": 9
      },
      "4": {
        "name": "(anonymous_4)",
        "decl": {
          "start": {
            "line": 12,
            "column": 11
          },
          "end": {
            "line": 12,
            "column": 12
          }
        },
        "loc": {
          "start": {
            "line": 12,
            "column": 18
          },
          "end": {
            "line": 12,
            "column": 28
          }
        },
        "line": 12
      },
      "5": {
        "name": "(anonymous_5)",
        "decl": {
          "start": {
            "line": 15,
            "column": 27
          },
          "end": {
            "line": 15,
            "column": 28
          }
        },
        "loc": {
          "start": {
            "line": 15,
            "column": 33
          },
          "end": {
            "line": 23,
            "column": 3
          }
        },
        "line": 15
      },
      "6": {
        "name": "(anonymous_6)",
        "decl": {
          "start": {
            "line": 21,
            "column": 12
          },
          "end": {
            "line": 21,
            "column": 13
          }
        },
        "loc": {
          "start": {
            "line": 21,
            "column": 19
          },
          "end": {
            "line": 21,
            "column": 29
          }
        },
        "line": 21
      },
      "7": {
        "name": "(anonymous_7)",
        "decl": {
          "start": {
            "line": 22,
            "column": 12
          },
          "end": {
            "line": 22,
            "column": 13
          }
        },
        "loc": {
          "start": {
            "line": 22,
            "column": 20
          },
          "end": {
            "line": 22,
            "column": 31
          }
        },
        "line": 22
      },
      "8": {
        "name": "(anonymous_8)",
        "decl": {
          "start": {
            "line": 25,
            "column": 33
          },
          "end": {
            "line": 25,
            "column": 34
          }
        },
        "loc": {
          "start": {
            "line": 25,
            "column": 39
          },
          "end": {
            "line": 31,
            "column": 3
          }
        },
        "line": 25
      },
      "9": {
        "name": "(anonymous_9)",
        "decl": {
          "start": {
            "line": 29,
            "column": 12
          },
          "end": {
            "line": 29,
            "column": 13
          }
        },
        "loc": {
          "start": {
            "line": 29,
            "column": 19
          },
          "end": {
            "line": 29,
            "column": 29
          }
        },
        "line": 29
      },
      "10": {
        "name": "(anonymous_10)",
        "decl": {
          "start": {
            "line": 30,
            "column": 12
          },
          "end": {
            "line": 30,
            "column": 13
          }
        },
        "loc": {
          "start": {
            "line": 30,
            "column": 20
          },
          "end": {
            "line": 30,
            "column": 32
          }
        },
        "line": 30
      },
      "11": {
        "name": "(anonymous_11)",
        "decl": {
          "start": {
            "line": 33,
            "column": 35
          },
          "end": {
            "line": 33,
            "column": 36
          }
        },
        "loc": {
          "start": {
            "line": 33,
            "column": 41
          },
          "end": {
            "line": 39,
            "column": 3
          }
        },
        "line": 33
      },
      "12": {
        "name": "(anonymous_12)",
        "decl": {
          "start": {
            "line": 37,
            "column": 12
          },
          "end": {
            "line": 37,
            "column": 13
          }
        },
        "loc": {
          "start": {
            "line": 37,
            "column": 19
          },
          "end": {
            "line": 37,
            "column": 29
          }
        },
        "line": 37
      },
      "13": {
        "name": "(anonymous_13)",
        "decl": {
          "start": {
            "line": 38,
            "column": 12
          },
          "end": {
            "line": 38,
            "column": 13
          }
        },
        "loc": {
          "start": {
            "line": 38,
            "column": 20
          },
          "end": {
            "line": 38,
            "column": 32
          }
        },
        "line": 38
      },
      "14": {
        "name": "(anonymous_14)",
        "decl": {
          "start": {
            "line": 40,
            "column": 35
          },
          "end": {
            "line": 40,
            "column": 36
          }
        },
        "loc": {
          "start": {
            "line": 40,
            "column": 41
          },
          "end": {
            "line": 46,
            "column": 3
          }
        },
        "line": 40
      },
      "15": {
        "name": "(anonymous_15)",
        "decl": {
          "start": {
            "line": 44,
            "column": 12
          },
          "end": {
            "line": 44,
            "column": 13
          }
        },
        "loc": {
          "start": {
            "line": 44,
            "column": 19
          },
          "end": {
            "line": 44,
            "column": 29
          }
        },
        "line": 44
      },
      "16": {
        "name": "(anonymous_16)",
        "decl": {
          "start": {
            "line": 45,
            "column": 12
          },
          "end": {
            "line": 45,
            "column": 13
          }
        },
        "loc": {
          "start": {
            "line": 45,
            "column": 20
          },
          "end": {
            "line": 45,
            "column": 32
          }
        },
        "line": 45
      },
      "17": {
        "name": "(anonymous_17)",
        "decl": {
          "start": {
            "line": 48,
            "column": 34
          },
          "end": {
            "line": 48,
            "column": 35
          }
        },
        "loc": {
          "start": {
            "line": 48,
            "column": 40
          },
          "end": {
            "line": 54,
            "column": 3
          }
        },
        "line": 48
      },
      "18": {
        "name": "(anonymous_18)",
        "decl": {
          "start": {
            "line": 52,
            "column": 12
          },
          "end": {
            "line": 52,
            "column": 13
          }
        },
        "loc": {
          "start": {
            "line": 52,
            "column": 19
          },
          "end": {
            "line": 52,
            "column": 29
          }
        },
        "line": 52
      },
      "19": {
        "name": "(anonymous_19)",
        "decl": {
          "start": {
            "line": 53,
            "column": 12
          },
          "end": {
            "line": 53,
            "column": 13
          }
        },
        "loc": {
          "start": {
            "line": 53,
            "column": 20
          },
          "end": {
            "line": 53,
            "column": 32
          }
        },
        "line": 53
      },
      "20": {
        "name": "(anonymous_20)",
        "decl": {
          "start": {
            "line": 56,
            "column": 27
          },
          "end": {
            "line": 56,
            "column": 28
          }
        },
        "loc": {
          "start": {
            "line": 56,
            "column": 33
          },
          "end": {
            "line": 60,
            "column": 3
          }
        },
        "line": 56
      },
      "21": {
        "name": "(anonymous_21)",
        "decl": {
          "start": {
            "line": 59,
            "column": 11
          },
          "end": {
            "line": 59,
            "column": 12
          }
        },
        "loc": {
          "start": {
            "line": 59,
            "column": 18
          },
          "end": {
            "line": 59,
            "column": 28
          }
        },
        "line": 59
      },
      "22": {
        "name": "(anonymous_22)",
        "decl": {
          "start": {
            "line": 62,
            "column": 38
          },
          "end": {
            "line": 62,
            "column": 39
          }
        },
        "loc": {
          "start": {
            "line": 62,
            "column": 44
          },
          "end": {
            "line": 66,
            "column": 3
          }
        },
        "line": 62
      },
      "23": {
        "name": "(anonymous_23)",
        "decl": {
          "start": {
            "line": 65,
            "column": 11
          },
          "end": {
            "line": 65,
            "column": 12
          }
        },
        "loc": {
          "start": {
            "line": 65,
            "column": 18
          },
          "end": {
            "line": 65,
            "column": 28
          }
        },
        "line": 65
      },
      "24": {
        "name": "(anonymous_24)",
        "decl": {
          "start": {
            "line": 68,
            "column": 34
          },
          "end": {
            "line": 68,
            "column": 35
          }
        },
        "loc": {
          "start": {
            "line": 68,
            "column": 40
          },
          "end": {
            "line": 72,
            "column": 3
          }
        },
        "line": 68
      },
      "25": {
        "name": "(anonymous_25)",
        "decl": {
          "start": {
            "line": 71,
            "column": 11
          },
          "end": {
            "line": 71,
            "column": 12
          }
        },
        "loc": {
          "start": {
            "line": 71,
            "column": 18
          },
          "end": {
            "line": 71,
            "column": 28
          }
        },
        "line": 71
      }
    },
    "branchMap": {},
    "s": {
      "0": 11,
      "1": 11,
      "2": 11,
      "3": 11,
      "4": 11,
      "5": 0,
      "6": 0,
      "7": 11,
      "8": 11,
      "9": 11,
      "10": 11,
      "11": 11,
      "12": 0,
      "13": 0,
      "14": 0,
      "15": 11,
      "16": 11,
      "17": 11,
      "18": 11,
      "19": 11,
      "20": 11,
      "21": 11,
      "22": 11,
      "23": 11,
      "24": 11,
      "25": 11,
      "26": 10,
      "27": 11,
      "28": 0,
      "29": 0,
      "30": 11,
      "31": 0,
      "32": 0,
      "33": 11,
      "34": 0,
      "35": 0
    },
    "f": {
      "0": 11,
      "1": 11,
      "2": 11,
      "3": 0,
      "4": 0,
      "5": 11,
      "6": 11,
      "7": 11,
      "8": 0,
      "9": 0,
      "10": 0,
      "11": 11,
      "12": 11,
      "13": 11,
      "14": 11,
      "15": 11,
      "16": 11,
      "17": 11,
      "18": 11,
      "19": 10,
      "20": 0,
      "21": 0,
      "22": 0,
      "23": 0,
      "24": 0,
      "25": 0
    },
    "b": {},
    "_coverageSchema": "1a1c01bbd47fc00a2c39e90264f33305004495a9",
    "hash": "d1f061042115923d4112d03390381762faebe624"
  },
  "D:\\forStudy\\movie2 - 1\\moviesApp\\src\\contexts\\genresContext.js": {
    "path": "D:\\forStudy\\movie2 - 1\\moviesApp\\src\\contexts\\genresContext.js",
    "statementMap": {
      "0": {
        "start": {
          "line": 4,
          "column": 29
        },
        "end": {
          "line": 4,
          "column": 48
        }
      },
      "1": {
        "start": {
          "line": 6,
          "column": 30
        },
        "end": {
          "line": 24,
          "column": 1
        }
      },
      "2": {
        "start": {
          "line": 7,
          "column": 32
        },
        "end": {
          "line": 7,
          "column": 68
        }
      },
      "3": {
        "start": {
          "line": 8,
          "column": 4
        },
        "end": {
          "line": 13,
          "column": 11
        }
      },
      "4": {
        "start": {
          "line": 9,
          "column": 6
        },
        "end": {
          "line": 11,
          "column": 9
        }
      },
      "5": {
        "start": {
          "line": 10,
          "column": 8
        },
        "end": {
          "line": 10,
          "column": 45
        }
      },
      "6": {
        "start": {
          "line": 15,
          "column": 4
        },
        "end": {
          "line": 23,
          "column": 5
        }
      }
    },
    "fnMap": {
      "0": {
        "name": "(anonymous_0)",
        "decl": {
          "start": {
            "line": 6,
            "column": 30
          },
          "end": {
            "line": 6,
            "column": 31
          }
        },
        "loc": {
          "start": {
            "line": 6,
            "column": 39
          },
          "end": {
            "line": 24,
            "column": 1
          }
        },
        "line": 6
      },
      "1": {
        "name": "(anonymous_1)",
        "decl": {
          "start": {
            "line": 8,
            "column": 14
          },
          "end": {
            "line": 8,
            "column": 15
          }
        },
        "loc": {
          "start": {
            "line": 8,
            "column": 20
          },
          "end": {
            "line": 13,
            "column": 5
          }
        },
        "line": 8
      },
      "2": {
        "name": "(anonymous_2)",
        "decl": {
          "start": {
            "line": 9,
            "column": 23
          },
          "end": {
            "line": 9,
            "column": 24
          }
        },
        "loc": {
          "start": {
            "line": 9,
            "column": 36
          },
          "end": {
            "line": 11,
            "column": 7
          }
        },
        "line": 9
      }
    },
    "branchMap": {},
    "s": {
      "0": 11,
      "1": 11,
      "2": 22,
      "3": 22,
      "4": 11,
      "5": 11,
      "6": 22
    },
    "f": {
      "0": 22,
      "1": 11,
      "2": 11
    },
    "b": {},
    "_coverageSchema": "1a1c01bbd47fc00a2c39e90264f33305004495a9",
    "hash": "ec2887eac8bb9241bdef065f8cfe90e31224a38d"
  },
  "D:\\forStudy\\movie2 - 1\\moviesApp\\src\\components\\filterControls\\index.js": {
    "path": "D:\\forStudy\\movie2 - 1\\moviesApp\\src\\components\\filterControls\\index.js",
    "statementMap": {
      "0": {
        "start": {
          "line": 5,
          "column": 23
        },
        "end": {
          "line": 43,
          "column": 1
        }
      },
      "1": {
        "start": {
          "line": 6,
          "column": 18
        },
        "end": {
          "line": 6,
          "column": 43
        }
      },
      "2": {
        "start": {
          "line": 8,
          "column": 23
        },
        "end": {
          "line": 11,
          "column": 3
        }
      },
      "3": {
        "start": {
          "line": 9,
          "column": 4
        },
        "end": {
          "line": 9,
          "column": 23
        }
      },
      "4": {
        "start": {
          "line": 10,
          "column": 4
        },
        "end": {
          "line": 10,
          "column": 35
        }
      },
      "5": {
        "start": {
          "line": 12,
          "column": 27
        },
        "end": {
          "line": 14,
          "column": 3
        }
      },
      "6": {
        "start": {
          "line": 13,
          "column": 4
        },
        "end": {
          "line": 13,
          "column": 44
        }
      },
      "7": {
        "start": {
          "line": 15,
          "column": 28
        },
        "end": {
          "line": 17,
          "column": 3
        }
      },
      "8": {
        "start": {
          "line": 16,
          "column": 4
        },
        "end": {
          "line": 16,
          "column": 45
        }
      },
      "9": {
        "start": {
          "line": 19,
          "column": 2
        },
        "end": {
          "line": 42,
          "column": 4
        }
      },
      "10": {
        "start": {
          "line": 32,
          "column": 14
        },
        "end": {
          "line": 36,
          "column": 16
        }
      }
    },
    "fnMap": {
      "0": {
        "name": "(anonymous_0)",
        "decl": {
          "start": {
            "line": 5,
            "column": 23
          },
          "end": {
            "line": 5,
            "column": 24
          }
        },
        "loc": {
          "start": {
            "line": 5,
            "column": 32
          },
          "end": {
            "line": 43,
            "column": 1
          }
        },
        "line": 5
      },
      "1": {
        "name": "(anonymous_1)",
        "decl": {
          "start": {
            "line": 8,
            "column": 23
          },
          "end": {
            "line": 8,
            "column": 24
          }
        },
        "loc": {
          "start": {
            "line": 8,
            "column": 43
          },
          "end": {
            "line": 11,
            "column": 3
          }
        },
        "line": 8
      },
      "2": {
        "name": "(anonymous_2)",
        "decl": {
          "start": {
            "line": 12,
            "column": 27
          },
          "end": {
            "line": 12,
            "column": 28
          }
        },
        "loc": {
          "start": {
            "line": 12,
            "column": 32
          },
          "end": {
            "line": 14,
            "column": 3
          }
        },
        "line": 12
      },
      "3": {
        "name": "(anonymous_3)",
        "decl": {
          "start": {
            "line": 15,
            "column": 28
          },
          "end": {
            "line": 15,
            "column": 29
          }
        },
        "loc": {
          "start": {
            "line": 15,
            "column": 33
          },
          "end": {
            "line": 17,
            "column": 3
          }
        },
        "line": 15
      },
      "4": {
        "name": "(anonymous_4)",
        "decl": {
          "start": {
            "line": 31,
            "column": 32
          },
          "end": {
            "line": 31,
            "column": 33
          }
        },
        "loc": {
          "start": {
            "line": 31,
            "column": 41
          },
          "end": {
            "line": 37,
            "column": 13
          }
        },
        "line": 31
      }
    },
    "branchMap": {},
    "s": {
      "0": 11,
      "1": 32,
      "2": 32,
      "3": 0,
      "4": 0,
      "5": 32,
      "6": 0,
      "7": 32,
      "8": 0,
      "9": 32,
      "10": 431
    },
    "f": {
      "0": 32,
      "1": 0,
      "2": 0,
      "3": 0,
      "4": 431
    },
    "b": {},
    "_coverageSchema": "1a1c01bbd47fc00a2c39e90264f33305004495a9",
    "hash": "d1a1e7eb09961bd722c160b5d66175100fd0ed1f"
  },
  "D:\\forStudy\\movie2 - 1\\moviesApp\\src\\components\\templateMovieListPage\\index.js": {
    "path": "D:\\forStudy\\movie2 - 1\\moviesApp\\src\\components\\templateMovieListPage\\index.js",
    "statementMap": {
      "0": {
        "start": {
          "line": 6,
          "column": 30
        },
        "end": {
          "line": 35,
          "column": 1
        }
      },
      "1": {
        "start": {
          "line": 7,
          "column": 38
        },
        "end": {
          "line": 7,
          "column": 50
        }
      },
      "2": {
        "start": {
          "line": 8,
          "column": 40
        },
        "end": {
          "line": 8,
          "column": 53
        }
      },
      "3": {
        "start": {
          "line": 9,
          "column": 16
        },
        "end": {
          "line": 9,
          "column": 35
        }
      },
      "4": {
        "start": {
          "line": 10,
          "column": 24
        },
        "end": {
          "line": 18,
          "column": 6
        }
      },
      "5": {
        "start": {
          "line": 12,
          "column": 6
        },
        "end": {
          "line": 12,
          "column": 75
        }
      },
      "6": {
        "start": {
          "line": 15,
          "column": 6
        },
        "end": {
          "line": 17,
          "column": 15
        }
      },
      "7": {
        "start": {
          "line": 20,
          "column": 23
        },
        "end": {
          "line": 23,
          "column": 3
        }
      },
      "8": {
        "start": {
          "line": 21,
          "column": 4
        },
        "end": {
          "line": 22,
          "column": 31
        }
      },
      "9": {
        "start": {
          "line": 21,
          "column": 25
        },
        "end": {
          "line": 21,
          "column": 46
        }
      },
      "10": {
        "start": {
          "line": 22,
          "column": 9
        },
        "end": {
          "line": 22,
          "column": 31
        }
      },
      "11": {
        "start": {
          "line": 25,
          "column": 2
        },
        "end": {
          "line": 34,
          "column": 4
        }
      }
    },
    "fnMap": {
      "0": {
        "name": "(anonymous_0)",
        "decl": {
          "start": {
            "line": 6,
            "column": 30
          },
          "end": {
            "line": 6,
            "column": 31
          }
        },
        "loc": {
          "start": {
            "line": 6,
            "column": 61
          },
          "end": {
            "line": 35,
            "column": 1
          }
        },
        "line": 6
      },
      "1": {
        "name": "(anonymous_1)",
        "decl": {
          "start": {
            "line": 11,
            "column": 12
          },
          "end": {
            "line": 11,
            "column": 13
          }
        },
        "loc": {
          "start": {
            "line": 11,
            "column": 17
          },
          "end": {
            "line": 13,
            "column": 5
          }
        },
        "line": 11
      },
      "2": {
        "name": "(anonymous_2)",
        "decl": {
          "start": {
            "line": 14,
            "column": 12
          },
          "end": {
            "line": 14,
            "column": 13
          }
        },
        "loc": {
          "start": {
            "line": 14,
            "column": 17
          },
          "end": {
            "line": 18,
            "column": 5
          }
        },
        "line": 14
      },
      "3": {
        "name": "(anonymous_3)",
        "decl": {
          "start": {
            "line": 20,
            "column": 23
          },
          "end": {
            "line": 20,
            "column": 24
          }
        },
        "loc": {
          "start": {
            "line": 20,
            "column": 40
          },
          "end": {
            "line": 23,
            "column": 3
          }
        },
        "line": 20
      }
    },
    "branchMap": {
      "0": {
        "loc": {
          "start": {
            "line": 15,
            "column": 14
          },
          "end": {
            "line": 17,
            "column": 14
          }
        },
        "type": "cond-expr",
        "locations": [
          {
            "start": {
              "line": 16,
              "column": 10
            },
            "end": {
              "line": 16,
              "column": 51
            }
          },
          {
            "start": {
              "line": 17,
              "column": 10
            },
            "end": {
              "line": 17,
              "column": 14
            }
          }
        ],
        "line": 15
      },
      "1": {
        "loc": {
          "start": {
            "line": 21,
            "column": 4
          },
          "end": {
            "line": 22,
            "column": 31
          }
        },
        "type": "if",
        "locations": [
          {
            "start": {
              "line": 21,
              "column": 4
            },
            "end": {
              "line": 22,
              "column": 31
            }
          },
          {
            "start": {
              "line": 21,
              "column": 4
            },
            "end": {
              "line": 22,
              "column": 31
            }
          }
        ],
        "line": 21
      }
    },
    "s": {
      "0": 11,
      "1": 23,
      "2": 23,
      "3": 23,
      "4": 23,
      "5": 240,
      "6": 240,
      "7": 23,
      "8": 0,
      "9": 0,
      "10": 0,
      "11": 23
    },
    "f": {
      "0": 23,
      "1": 240,
      "2": 240,
      "3": 0
    },
    "b": {
      "0": [
        0,
        240
      ],
      "1": [
        0,
        0
      ]
    },
    "_coverageSchema": "1a1c01bbd47fc00a2c39e90264f33305004495a9",
    "hash": "b26c0d948e49c1103ba8cf683094fc26c8459274"
  },
  "D:\\forStudy\\movie2 - 1\\moviesApp\\src\\contexts\\moviesContext.js": {
    "path": "D:\\forStudy\\movie2 - 1\\moviesApp\\src\\contexts\\moviesContext.js",
    "statementMap": {
      "0": {
        "start": {
          "line": 4,
          "column": 29
        },
        "end": {
          "line": 4,
          "column": 48
        }
      },
      "1": {
        "start": {
          "line": 6,
          "column": 16
        },
        "end": {
          "line": 59,
          "column": 1
        }
      },
      "2": {
        "start": {
          "line": 7,
          "column": 2
        },
        "end": {
          "line": 58,
          "column": 3
        }
      },
      "3": {
        "start": {
          "line": 9,
          "column": 6
        },
        "end": {
          "line": 15,
          "column": 8
        }
      },
      "4": {
        "start": {
          "line": 11,
          "column": 10
        },
        "end": {
          "line": 11,
          "column": 73
        }
      },
      "5": {
        "start": {
          "line": 17,
          "column": 6
        },
        "end": {
          "line": 23,
          "column": 8
        }
      },
      "6": {
        "start": {
          "line": 19,
          "column": 10
        },
        "end": {
          "line": 19,
          "column": 77
        }
      },
      "7": {
        "start": {
          "line": 25,
          "column": 8
        },
        "end": {
          "line": 31,
          "column": 10
        }
      },
      "8": {
        "start": {
          "line": 27,
          "column": 12
        },
        "end": {
          "line": 27,
          "column": 80
        }
      },
      "9": {
        "start": {
          "line": 33,
          "column": 8
        },
        "end": {
          "line": 39,
          "column": 10
        }
      },
      "10": {
        "start": {
          "line": 35,
          "column": 12
        },
        "end": {
          "line": 35,
          "column": 81
        }
      },
      "11": {
        "start": {
          "line": 41,
          "column": 6
        },
        "end": {
          "line": 41,
          "column": 109
        }
      },
      "12": {
        "start": {
          "line": 43,
          "column": 6
        },
        "end": {
          "line": 43,
          "column": 107
        }
      },
      "13": {
        "start": {
          "line": 45,
          "column": 6
        },
        "end": {
          "line": 45,
          "column": 107
        }
      },
      "14": {
        "start": {
          "line": 47,
          "column": 6
        },
        "end": {
          "line": 55,
          "column": 8
        }
      },
      "15": {
        "start": {
          "line": 49,
          "column": 10
        },
        "end": {
          "line": 51,
          "column": 15
        }
      },
      "16": {
        "start": {
          "line": 57,
          "column": 6
        },
        "end": {
          "line": 57,
          "column": 19
        }
      },
      "17": {
        "start": {
          "line": 61,
          "column": 30
        },
        "end": {
          "line": 124,
          "column": 1
        }
      },
      "18": {
        "start": {
          "line": 62,
          "column": 28
        },
        "end": {
          "line": 62,
          "column": 91
        }
      },
      "19": {
        "start": {
          "line": 64,
          "column": 25
        },
        "end": {
          "line": 67,
          "column": 3
        }
      },
      "20": {
        "start": {
          "line": 65,
          "column": 18
        },
        "end": {
          "line": 65,
          "column": 64
        }
      },
      "21": {
        "start": {
          "line": 65,
          "column": 42
        },
        "end": {
          "line": 65,
          "column": 46
        }
      },
      "22": {
        "start": {
          "line": 66,
          "column": 4
        },
        "end": {
          "line": 66,
          "column": 80
        }
      },
      "23": {
        "start": {
          "line": 69,
          "column": 20
        },
        "end": {
          "line": 71,
          "column": 3
        }
      },
      "24": {
        "start": {
          "line": 70,
          "column": 4
        },
        "end": {
          "line": 70,
          "column": 65
        }
      },
      "25": {
        "start": {
          "line": 73,
          "column": 25
        },
        "end": {
          "line": 76,
          "column": 3
        }
      },
      "26": {
        "start": {
          "line": 74,
          "column": 18
        },
        "end": {
          "line": 74,
          "column": 66
        }
      },
      "27": {
        "start": {
          "line": 74,
          "column": 44
        },
        "end": {
          "line": 74,
          "column": 48
        }
      },
      "28": {
        "start": {
          "line": 75,
          "column": 4
        },
        "end": {
          "line": 75,
          "column": 86
        }
      },
      "29": {
        "start": {
          "line": 77,
          "column": 30
        },
        "end": {
          "line": 80,
          "column": 3
        }
      },
      "30": {
        "start": {
          "line": 78,
          "column": 18
        },
        "end": {
          "line": 78,
          "column": 66
        }
      },
      "31": {
        "start": {
          "line": 78,
          "column": 44
        },
        "end": {
          "line": 78,
          "column": 48
        }
      },
      "32": {
        "start": {
          "line": 79,
          "column": 4
        },
        "end": {
          "line": 79,
          "column": 89
        }
      },
      "33": {
        "start": {
          "line": 82,
          "column": 27
        },
        "end": {
          "line": 85,
          "column": 3
        }
      },
      "34": {
        "start": {
          "line": 83,
          "column": 18
        },
        "end": {
          "line": 83,
          "column": 66
        }
      },
      "35": {
        "start": {
          "line": 83,
          "column": 44
        },
        "end": {
          "line": 83,
          "column": 48
        }
      },
      "36": {
        "start": {
          "line": 84,
          "column": 4
        },
        "end": {
          "line": 84,
          "column": 88
        }
      },
      "37": {
        "start": {
          "line": 87,
          "column": 2
        },
        "end": {
          "line": 92,
          "column": 9
        }
      },
      "38": {
        "start": {
          "line": 88,
          "column": 4
        },
        "end": {
          "line": 90,
          "column": 7
        }
      },
      "39": {
        "start": {
          "line": 89,
          "column": 6
        },
        "end": {
          "line": 89,
          "column": 54
        }
      },
      "40": {
        "start": {
          "line": 94,
          "column": 2
        },
        "end": {
          "line": 99,
          "column": 9
        }
      },
      "41": {
        "start": {
          "line": 95,
          "column": 4
        },
        "end": {
          "line": 97,
          "column": 7
        }
      },
      "42": {
        "start": {
          "line": 96,
          "column": 6
        },
        "end": {
          "line": 96,
          "column": 63
        }
      },
      "43": {
        "start": {
          "line": 101,
          "column": 2
        },
        "end": {
          "line": 106,
          "column": 9
        }
      },
      "44": {
        "start": {
          "line": 102,
          "column": 4
        },
        "end": {
          "line": 104,
          "column": 7
        }
      },
      "45": {
        "start": {
          "line": 103,
          "column": 6
        },
        "end": {
          "line": 103,
          "column": 63
        }
      },
      "46": {
        "start": {
          "line": 108,
          "column": 2
        },
        "end": {
          "line": 123,
          "column": 4
        }
      }
    },
    "fnMap": {
      "0": {
        "name": "(anonymous_0)",
        "decl": {
          "start": {
            "line": 6,
            "column": 16
          },
          "end": {
            "line": 6,
            "column": 17
          }
        },
        "loc": {
          "start": {
            "line": 6,
            "column": 35
          },
          "end": {
            "line": 59,
            "column": 1
          }
        },
        "line": 6
      },
      "1": {
        "name": "(anonymous_1)",
        "decl": {
          "start": {
            "line": 10,
            "column": 33
          },
          "end": {
            "line": 10,
            "column": 34
          }
        },
        "loc": {
          "start": {
            "line": 11,
            "column": 10
          },
          "end": {
            "line": 11,
            "column": 73
          }
        },
        "line": 11
      },
      "2": {
        "name": "(anonymous_2)",
        "decl": {
          "start": {
            "line": 18,
            "column": 37
          },
          "end": {
            "line": 18,
            "column": 38
          }
        },
        "loc": {
          "start": {
            "line": 19,
            "column": 10
          },
          "end": {
            "line": 19,
            "column": 77
          }
        },
        "line": 19
      },
      "3": {
        "name": "(anonymous_3)",
        "decl": {
          "start": {
            "line": 26,
            "column": 39
          },
          "end": {
            "line": 26,
            "column": 40
          }
        },
        "loc": {
          "start": {
            "line": 27,
            "column": 12
          },
          "end": {
            "line": 27,
            "column": 80
          }
        },
        "line": 27
      },
      "4": {
        "name": "(anonymous_4)",
        "decl": {
          "start": {
            "line": 34,
            "column": 39
          },
          "end": {
            "line": 34,
            "column": 40
          }
        },
        "loc": {
          "start": {
            "line": 35,
            "column": 12
          },
          "end": {
            "line": 35,
            "column": 81
          }
        },
        "line": 35
      },
      "5": {
        "name": "(anonymous_5)",
        "decl": {
          "start": {
            "line": 48,
            "column": 33
          },
          "end": {
            "line": 48,
            "column": 34
          }
        },
        "loc": {
          "start": {
            "line": 49,
            "column": 10
          },
          "end": {
            "line": 51,
            "column": 15
          }
        },
        "line": 49
      },
      "6": {
        "name": "(anonymous_6)",
        "decl": {
          "start": {
            "line": 61,
            "column": 30
          },
          "end": {
            "line": 61,
            "column": 31
          }
        },
        "loc": {
          "start": {
            "line": 61,
            "column": 41
          },
          "end": {
            "line": 124,
            "column": 1
          }
        },
        "line": 61
      },
      "7": {
        "name": "(anonymous_7)",
        "decl": {
          "start": {
            "line": 64,
            "column": 25
          },
          "end": {
            "line": 64,
            "column": 26
          }
        },
        "loc": {
          "start": {
            "line": 64,
            "column": 38
          },
          "end": {
            "line": 67,
            "column": 3
          }
        },
        "line": 64
      },
      "8": {
        "name": "(anonymous_8)",
        "decl": {
          "start": {
            "line": 65,
            "column": 35
          },
          "end": {
            "line": 65,
            "column": 36
          }
        },
        "loc": {
          "start": {
            "line": 65,
            "column": 42
          },
          "end": {
            "line": 65,
            "column": 46
          }
        },
        "line": 65
      },
      "9": {
        "name": "(anonymous_9)",
        "decl": {
          "start": {
            "line": 69,
            "column": 20
          },
          "end": {
            "line": 69,
            "column": 21
          }
        },
        "loc": {
          "start": {
            "line": 69,
            "column": 39
          },
          "end": {
            "line": 71,
            "column": 3
          }
        },
        "line": 69
      },
      "10": {
        "name": "(anonymous_10)",
        "decl": {
          "start": {
            "line": 73,
            "column": 25
          },
          "end": {
            "line": 73,
            "column": 26
          }
        },
        "loc": {
          "start": {
            "line": 73,
            "column": 38
          },
          "end": {
            "line": 76,
            "column": 3
          }
        },
        "line": 73
      },
      "11": {
        "name": "(anonymous_11)",
        "decl": {
          "start": {
            "line": 74,
            "column": 37
          },
          "end": {
            "line": 74,
            "column": 38
          }
        },
        "loc": {
          "start": {
            "line": 74,
            "column": 44
          },
          "end": {
            "line": 74,
            "column": 48
          }
        },
        "line": 74
      },
      "12": {
        "name": "(anonymous_12)",
        "decl": {
          "start": {
            "line": 77,
            "column": 30
          },
          "end": {
            "line": 77,
            "column": 31
          }
        },
        "loc": {
          "start": {
            "line": 77,
            "column": 43
          },
          "end": {
            "line": 80,
            "column": 3
          }
        },
        "line": 77
      },
      "13": {
        "name": "(anonymous_13)",
        "decl": {
          "start": {
            "line": 78,
            "column": 37
          },
          "end": {
            "line": 78,
            "column": 38
          }
        },
        "loc": {
          "start": {
            "line": 78,
            "column": 44
          },
          "end": {
            "line": 78,
            "column": 48
          }
        },
        "line": 78
      },
      "14": {
        "name": "(anonymous_14)",
        "decl": {
          "start": {
            "line": 82,
            "column": 27
          },
          "end": {
            "line": 82,
            "column": 28
          }
        },
        "loc": {
          "start": {
            "line": 82,
            "column": 40
          },
          "end": {
            "line": 85,
            "column": 3
          }
        },
        "line": 82
      },
      "15": {
        "name": "(anonymous_15)",
        "decl": {
          "start": {
            "line": 83,
            "column": 37
          },
          "end": {
            "line": 83,
            "column": 38
          }
        },
        "loc": {
          "start": {
            "line": 83,
            "column": 44
          },
          "end": {
            "line": 83,
            "column": 48
          }
        },
        "line": 83
      },
      "16": {
        "name": "(anonymous_16)",
        "decl": {
          "start": {
            "line": 87,
            "column": 12
          },
          "end": {
            "line": 87,
            "column": 13
          }
        },
        "loc": {
          "start": {
            "line": 87,
            "column": 18
          },
          "end": {
            "line": 92,
            "column": 3
          }
        },
        "line": 87
      },
      "17": {
        "name": "(anonymous_17)",
        "decl": {
          "start": {
            "line": 88,
            "column": 21
          },
          "end": {
            "line": 88,
            "column": 22
          }
        },
        "loc": {
          "start": {
            "line": 88,
            "column": 33
          },
          "end": {
            "line": 90,
            "column": 5
          }
        },
        "line": 88
      },
      "18": {
        "name": "(anonymous_18)",
        "decl": {
          "start": {
            "line": 94,
            "column": 12
          },
          "end": {
            "line": 94,
            "column": 13
          }
        },
        "loc": {
          "start": {
            "line": 94,
            "column": 18
          },
          "end": {
            "line": 99,
            "column": 3
          }
        },
        "line": 94
      },
      "19": {
        "name": "(anonymous_19)",
        "decl": {
          "start": {
            "line": 95,
            "column": 29
          },
          "end": {
            "line": 95,
            "column": 30
          }
        },
        "loc": {
          "start": {
            "line": 95,
            "column": 41
          },
          "end": {
            "line": 97,
            "column": 5
          }
        },
        "line": 95
      },
      "20": {
        "name": "(anonymous_20)",
        "decl": {
          "start": {
            "line": 101,
            "column": 12
          },
          "end": {
            "line": 101,
            "column": 13
          }
        },
        "loc": {
          "start": {
            "line": 101,
            "column": 18
          },
          "end": {
            "line": 106,
            "column": 3
          }
        },
        "line": 101
      },
      "21": {
        "name": "(anonymous_21)",
        "decl": {
          "start": {
            "line": 102,
            "column": 29
          },
          "end": {
            "line": 102,
            "column": 30
          }
        },
        "loc": {
          "start": {
            "line": 102,
            "column": 41
          },
          "end": {
            "line": 104,
            "column": 5
          }
        },
        "line": 102
      }
    },
    "branchMap": {
      "0": {
        "loc": {
          "start": {
            "line": 7,
            "column": 2
          },
          "end": {
            "line": 58,
            "column": 3
          }
        },
        "type": "switch",
        "locations": [
          {
            "start": {
              "line": 8,
              "column": 4
            },
            "end": {
              "line": 15,
              "column": 8
            }
          },
          {
            "start": {
              "line": 16,
              "column": 4
            },
            "end": {
              "line": 23,
              "column": 8
            }
          },
          {
            "start": {
              "line": 24,
              "column": 6
            },
            "end": {
              "line": 31,
              "column": 10
            }
          },
          {
            "start": {
              "line": 32,
              "column": 4
            },
            "end": {
              "line": 39,
              "column": 10
            }
          },
          {
            "start": {
              "line": 40,
              "column": 4
            },
            "end": {
              "line": 41,
              "column": 109
            }
          },
          {
            "start": {
              "line": 42,
              "column": 4
            },
            "end": {
              "line": 43,
              "column": 107
            }
          },
          {
            "start": {
              "line": 44,
              "column": 4
            },
            "end": {
              "line": 45,
              "column": 107
            }
          },
          {
            "start": {
              "line": 46,
              "column": 4
            },
            "end": {
              "line": 55,
              "column": 8
            }
          },
          {
            "start": {
              "line": 56,
              "column": 4
            },
            "end": {
              "line": 57,
              "column": 19
            }
          }
        ],
        "line": 7
      },
      "1": {
        "loc": {
          "start": {
            "line": 11,
            "column": 10
          },
          "end": {
            "line": 11,
            "column": 73
          }
        },
        "type": "cond-expr",
        "locations": [
          {
            "start": {
              "line": 11,
              "column": 45
            },
            "end": {
              "line": 11,
              "column": 69
            }
          },
          {
            "start": {
              "line": 11,
              "column": 72
            },
            "end": {
              "line": 11,
              "column": 73
            }
          }
        ],
        "line": 11
      },
      "2": {
        "loc": {
          "start": {
            "line": 19,
            "column": 10
          },
          "end": {
            "line": 19,
            "column": 77
          }
        },
        "type": "cond-expr",
        "locations": [
          {
            "start": {
              "line": 19,
              "column": 48
            },
            "end": {
              "line": 19,
              "column": 73
            }
          },
          {
            "start": {
              "line": 19,
              "column": 76
            },
            "end": {
              "line": 19,
              "column": 77
            }
          }
        ],
        "line": 19
      },
      "3": {
        "loc": {
          "start": {
            "line": 27,
            "column": 12
          },
          "end": {
            "line": 27,
            "column": 80
          }
        },
        "type": "cond-expr",
        "locations": [
          {
            "start": {
              "line": 27,
              "column": 50
            },
            "end": {
              "line": 27,
              "column": 76
            }
          },
          {
            "start": {
              "line": 27,
              "column": 79
            },
            "end": {
              "line": 27,
              "column": 80
            }
          }
        ],
        "line": 27
      },
      "4": {
        "loc": {
          "start": {
            "line": 35,
            "column": 12
          },
          "end": {
            "line": 35,
            "column": 81
          }
        },
        "type": "cond-expr",
        "locations": [
          {
            "start": {
              "line": 35,
              "column": 50
            },
            "end": {
              "line": 35,
              "column": 77
            }
          },
          {
            "start": {
              "line": 35,
              "column": 80
            },
            "end": {
              "line": 35,
              "column": 81
            }
          }
        ],
        "line": 35
      },
      "5": {
        "loc": {
          "start": {
            "line": 49,
            "column": 10
          },
          "end": {
            "line": 51,
            "column": 15
          }
        },
        "type": "cond-expr",
        "locations": [
          {
            "start": {
              "line": 50,
              "column": 14
            },
            "end": {
              "line": 50,
              "column": 53
            }
          },
          {
            "start": {
              "line": 51,
              "column": 14
            },
            "end": {
              "line": 51,
              "column": 15
            }
          }
        ],
        "line": 49
      }
    },
    "s": {
      "0": 11,
      "1": 11,
      "2": 33,
      "3": 0,
      "4": 0,
      "5": 0,
      "6": 0,
      "7": 0,
      "8": 0,
      "9": 0,
      "10": 0,
      "11": 11,
      "12": 11,
      "13": 11,
      "14": 0,
      "15": 0,
      "16": 0,
      "17": 11,
      "18": 44,
      "19": 44,
      "20": 0,
      "21": 0,
      "22": 0,
      "23": 44,
      "24": 0,
      "25": 44,
      "26": 0,
      "27": 0,
      "28": 0,
      "29": 44,
      "30": 0,
      "31": 0,
      "32": 0,
      "33": 44,
      "34": 0,
      "35": 0,
      "36": 0,
      "37": 44,
      "38": 11,
      "39": 11,
      "40": 44,
      "41": 11,
      "42": 11,
      "43": 44,
      "44": 11,
      "45": 11,
      "46": 44
    },
    "f": {
      "0": 33,
      "1": 0,
      "2": 0,
      "3": 0,
      "4": 0,
      "5": 0,
      "6": 44,
      "7": 0,
      "8": 0,
      "9": 0,
      "10": 0,
      "11": 0,
      "12": 0,
      "13": 0,
      "14": 0,
      "15": 0,
      "16": 11,
      "17": 11,
      "18": 11,
      "19": 11,
      "20": 11,
      "21": 11
    },
    "b": {
      "0": [
        0,
        0,
        0,
        0,
        11,
        11,
        11,
        0,
        0
      ],
      "1": [
        0,
        0
      ],
      "2": [
        0,
        0
      ],
      "3": [
        0,
        0
      ],
      "4": [
        0,
        0
      ],
      "5": [
        0,
        0
      ]
    },
    "_coverageSchema": "1a1c01bbd47fc00a2c39e90264f33305004495a9",
    "hash": "0af4a2d3a5dce5492a7a7e3343d6762260ea046e"
  },
  "D:\\forStudy\\movie2 - 1\\moviesApp\\src\\contexts\\loginContext.js": {
    "path": "D:\\forStudy\\movie2 - 1\\moviesApp\\src\\contexts\\loginContext.js",
    "statementMap": {
      "0": {
        "start": {
          "line": 3,
          "column": 28
        },
        "end": {
          "line": 3,
          "column": 47
        }
      },
      "1": {
        "start": {
          "line": 5,
          "column": 14
        },
        "end": {
          "line": 14,
          "column": 3
        }
      },
      "2": {
        "start": {
          "line": 6,
          "column": 4
        },
        "end": {
          "line": 13,
          "column": 5
        }
      },
      "3": {
        "start": {
          "line": 8,
          "column": 8
        },
        "end": {
          "line": 8,
          "column": 26
        }
      },
      "4": {
        "start": {
          "line": 10,
          "column": 8
        },
        "end": {
          "line": 10,
          "column": 26
        }
      },
      "5": {
        "start": {
          "line": 12,
          "column": 8
        },
        "end": {
          "line": 12,
          "column": 26
        }
      },
      "6": {
        "start": {
          "line": 15,
          "column": 11
        },
        "end": {
          "line": 15,
          "column": 41
        }
      },
      "7": {
        "start": {
          "line": 16,
          "column": 2
        },
        "end": {
          "line": 16,
          "column": 52
        }
      },
      "8": {
        "start": {
          "line": 18,
          "column": 27
        },
        "end": {
          "line": 41,
          "column": 1
        }
      },
      "9": {
        "start": {
          "line": 19,
          "column": 29
        },
        "end": {
          "line": 19,
          "column": 60
        }
      },
      "10": {
        "start": {
          "line": 20,
          "column": 34
        },
        "end": {
          "line": 20,
          "column": 44
        }
      },
      "11": {
        "start": {
          "line": 21,
          "column": 30
        },
        "end": {
          "line": 23,
          "column": 5
        }
      },
      "12": {
        "start": {
          "line": 22,
          "column": 8
        },
        "end": {
          "line": 22,
          "column": 34
        }
      },
      "13": {
        "start": {
          "line": 24,
          "column": 32
        },
        "end": {
          "line": 26,
          "column": 5
        }
      },
      "14": {
        "start": {
          "line": 25,
          "column": 8
        },
        "end": {
          "line": 25,
          "column": 36
        }
      },
      "15": {
        "start": {
          "line": 28,
          "column": 4
        },
        "end": {
          "line": 40,
          "column": 5
        }
      }
    },
    "fnMap": {
      "0": {
        "name": "(anonymous_0)",
        "decl": {
          "start": {
            "line": 5,
            "column": 14
          },
          "end": {
            "line": 5,
            "column": 15
          }
        },
        "loc": {
          "start": {
            "line": 5,
            "column": 32
          },
          "end": {
            "line": 14,
            "column": 3
          }
        },
        "line": 5
      },
      "1": {
        "name": "(anonymous_1)",
        "decl": {
          "start": {
            "line": 18,
            "column": 27
          },
          "end": {
            "line": 18,
            "column": 28
          }
        },
        "loc": {
          "start": {
            "line": 18,
            "column": 36
          },
          "end": {
            "line": 41,
            "column": 1
          }
        },
        "line": 18
      },
      "2": {
        "name": "(anonymous_2)",
        "decl": {
          "start": {
            "line": 21,
            "column": 30
          },
          "end": {
            "line": 21,
            "column": 31
          }
        },
        "loc": {
          "start": {
            "line": 21,
            "column": 34
          },
          "end": {
            "line": 23,
            "column": 5
          }
        },
        "line": 21
      },
      "3": {
        "name": "(anonymous_3)",
        "decl": {
          "start": {
            "line": 24,
            "column": 32
          },
          "end": {
            "line": 24,
            "column": 33
          }
        },
        "loc": {
          "start": {
            "line": 24,
            "column": 36
          },
          "end": {
            "line": 26,
            "column": 5
          }
        },
        "line": 24
      }
    },
    "branchMap": {
      "0": {
        "loc": {
          "start": {
            "line": 6,
            "column": 4
          },
          "end": {
            "line": 13,
            "column": 5
          }
        },
        "type": "switch",
        "locations": [
          {
            "start": {
              "line": 7,
              "column": 6
            },
            "end": {
              "line": 8,
              "column": 26
            }
          },
          {
            "start": {
              "line": 9,
              "column": 6
            },
            "end": {
              "line": 10,
              "column": 26
            }
          },
          {
            "start": {
              "line": 11,
              "column": 6
            },
            "end": {
              "line": 12,
              "column": 26
            }
          }
        ],
        "line": 6
      }
    },
    "s": {
      "0": 11,
      "1": 11,
      "2": 0,
      "3": 0,
      "4": 0,
      "5": 0,
      "6": 11,
      "7": 11,
      "8": 11,
      "9": 11,
      "10": 11,
      "11": 11,
      "12": 0,
      "13": 11,
      "14": 0,
      "15": 11
    },
    "f": {
      "0": 0,
      "1": 11,
      "2": 0,
      "3": 0
    },
    "b": {
      "0": [
        0,
        0,
        0
      ]
    },
    "_coverageSchema": "1a1c01bbd47fc00a2c39e90264f33305004495a9",
    "hash": "8b183e274681cb4c1c8829a4219aa97a8955489c"
  },
  "D:\\forStudy\\movie2 - 1\\moviesApp\\src\\components\\buttons\\addToFavorites.js": {
    "path": "D:\\forStudy\\movie2 - 1\\moviesApp\\src\\components\\buttons\\addToFavorites.js",
    "statementMap": {
      "0": {
        "start": {
          "line": 5,
          "column": 28
        },
        "end": {
          "line": 26,
          "column": 1
        }
      },
      "1": {
        "start": {
          "line": 6,
          "column": 18
        },
        "end": {
          "line": 6,
          "column": 43
        }
      },
      "2": {
        "start": {
          "line": 7,
          "column": 21
        },
        "end": {
          "line": 7,
          "column": 45
        }
      },
      "3": {
        "start": {
          "line": 8,
          "column": 30
        },
        "end": {
          "line": 16,
          "column": 3
        }
      },
      "4": {
        "start": {
          "line": 9,
          "column": 4
        },
        "end": {
          "line": 9,
          "column": 23
        }
      },
      "5": {
        "start": {
          "line": 10,
          "column": 4
        },
        "end": {
          "line": 15,
          "column": 5
        }
      },
      "6": {
        "start": {
          "line": 11,
          "column": 6
        },
        "end": {
          "line": 11,
          "column": 33
        }
      },
      "7": {
        "start": {
          "line": 14,
          "column": 6
        },
        "end": {
          "line": 14,
          "column": 39
        }
      },
      "8": {
        "start": {
          "line": 17,
          "column": 2
        },
        "end": {
          "line": 25,
          "column": 4
        }
      }
    },
    "fnMap": {
      "0": {
        "name": "(anonymous_0)",
        "decl": {
          "start": {
            "line": 5,
            "column": 28
          },
          "end": {
            "line": 5,
            "column": 29
          }
        },
        "loc": {
          "start": {
            "line": 5,
            "column": 43
          },
          "end": {
            "line": 26,
            "column": 1
          }
        },
        "line": 5
      },
      "1": {
        "name": "(anonymous_1)",
        "decl": {
          "start": {
            "line": 8,
            "column": 30
          },
          "end": {
            "line": 8,
            "column": 31
          }
        },
        "loc": {
          "start": {
            "line": 8,
            "column": 35
          },
          "end": {
            "line": 16,
            "column": 3
          }
        },
        "line": 8
      }
    },
    "branchMap": {
      "0": {
        "loc": {
          "start": {
            "line": 10,
            "column": 4
          },
          "end": {
            "line": 15,
            "column": 5
          }
        },
        "type": "if",
        "locations": [
          {
            "start": {
              "line": 10,
              "column": 4
            },
            "end": {
              "line": 15,
              "column": 5
            }
          },
          {
            "start": {
              "line": 10,
              "column": 4
            },
            "end": {
              "line": 15,
              "column": 5
            }
          }
        ],
        "line": 10
      }
    },
    "s": {
      "0": 11,
      "1": 240,
      "2": 240,
      "3": 240,
      "4": 0,
      "5": 0,
      "6": 0,
      "7": 0,
      "8": 240
    },
    "f": {
      "0": 240,
      "1": 0
    },
    "b": {
      "0": [
        0,
        0
      ]
    },
    "_coverageSchema": "1a1c01bbd47fc00a2c39e90264f33305004495a9",
    "hash": "3e4eea55db49466a540903e7fb2b129e9045cc53"
  },
  "D:\\forStudy\\movie2 - 1\\moviesApp\\src\\pages\\homePage.js": {
    "path": "D:\\forStudy\\movie2 - 1\\moviesApp\\src\\pages\\homePage.js",
    "statementMap": {
      "0": {
        "start": {
          "line": 6,
          "column": 17
        },
        "end": {
          "line": 21,
          "column": 1
        }
      },
      "1": {
        "start": {
          "line": 7,
          "column": 18
        },
        "end": {
          "line": 7,
          "column": 43
        }
      },
      "2": {
        "start": {
          "line": 8,
          "column": 17
        },
        "end": {
          "line": 10,
          "column": 4
        }
      },
      "3": {
        "start": {
          "line": 9,
          "column": 4
        },
        "end": {
          "line": 9,
          "column": 30
        }
      },
      "4": {
        "start": {
          "line": 12,
          "column": 2
        },
        "end": {
          "line": 20,
          "column": 4
        }
      },
      "5": {
        "start": {
          "line": 17,
          "column": 8
        },
        "end": {
          "line": 17,
          "column": 54
        }
      }
    },
    "fnMap": {
      "0": {
        "name": "(anonymous_0)",
        "decl": {
          "start": {
            "line": 6,
            "column": 17
          },
          "end": {
            "line": 6,
            "column": 18
          }
        },
        "loc": {
          "start": {
            "line": 6,
            "column": 23
          },
          "end": {
            "line": 21,
            "column": 1
          }
        },
        "line": 6
      },
      "1": {
        "name": "(anonymous_1)",
        "decl": {
          "start": {
            "line": 8,
            "column": 39
          },
          "end": {
            "line": 8,
            "column": 40
          }
        },
        "loc": {
          "start": {
            "line": 8,
            "column": 46
          },
          "end": {
            "line": 10,
            "column": 3
          }
        },
        "line": 8
      },
      "2": {
        "name": "(anonymous_2)",
        "decl": {
          "start": {
            "line": 16,
            "column": 14
          },
          "end": {
            "line": 16,
            "column": 15
          }
        },
        "loc": {
          "start": {
            "line": 16,
            "column": 25
          },
          "end": {
            "line": 18,
            "column": 7
          }
        },
        "line": 16
      }
    },
    "branchMap": {},
    "s": {
      "0": 11,
      "1": 23,
      "2": 23,
      "3": 240,
      "4": 23,
      "5": 240
    },
    "f": {
      "0": 23,
      "1": 240,
      "2": 240
    },
    "b": {},
    "_coverageSchema": "1a1c01bbd47fc00a2c39e90264f33305004495a9",
    "hash": "24679bc97107245726660a8063e7463a8474bb79"
  },
  "D:\\forStudy\\movie2 - 1\\moviesApp\\src\\components\\siteHeader\\index.js": {
    "path": "D:\\forStudy\\movie2 - 1\\moviesApp\\src\\components\\siteHeader\\index.js",
    "statementMap": {
      "0": {
        "start": {
          "line": 10,
          "column": 19
        },
        "end": {
          "line": 122,
          "column": 1
        }
      },
      "1": {
        "start": {
          "line": 11,
          "column": 21
        },
        "end": {
          "line": 11,
          "column": 45
        }
      },
      "2": {
        "start": {
          "line": 12,
          "column": 2
        },
        "end": {
          "line": 13,
          "column": 3
        }
      },
      "3": {
        "start": {
          "line": 14,
          "column": 19
        },
        "end": {
          "line": 16,
          "column": 3
        }
      },
      "4": {
        "start": {
          "line": 18,
          "column": 20
        },
        "end": {
          "line": 21,
          "column": 3
        }
      },
      "5": {
        "start": {
          "line": 23,
          "column": 23
        },
        "end": {
          "line": 25,
          "column": 1
        }
      },
      "6": {
        "start": {
          "line": 24,
          "column": 4
        },
        "end": {
          "line": 24,
          "column": 39
        }
      },
      "7": {
        "start": {
          "line": 26,
          "column": 32
        },
        "end": {
          "line": 26,
          "column": 52
        }
      },
      "8": {
        "start": {
          "line": 28,
          "column": 22
        },
        "end": {
          "line": 33,
          "column": 3
        }
      },
      "9": {
        "start": {
          "line": 29,
          "column": 4
        },
        "end": {
          "line": 32,
          "column": 32
        }
      },
      "10": {
        "start": {
          "line": 30,
          "column": 4
        },
        "end": {
          "line": 30,
          "column": 37
        }
      },
      "11": {
        "start": {
          "line": 32,
          "column": 4
        },
        "end": {
          "line": 32,
          "column": 32
        }
      },
      "12": {
        "start": {
          "line": 35,
          "column": 22
        },
        "end": {
          "line": 37,
          "column": 3
        }
      },
      "13": {
        "start": {
          "line": 36,
          "column": 4
        },
        "end": {
          "line": 36,
          "column": 22
        }
      },
      "14": {
        "start": {
          "line": 39,
          "column": 2
        },
        "end": {
          "line": 121,
          "column": 4
[...]
      "30": {
        "start": {
          "line": 81,
          "column": 0
        },
        "end": {
          "line": 81,
          "column": 58
        }
      }
    },
    "fnMap": {
      "0": {
        "name": "(anonymous_0)",
        "decl": {
          "start": {
            "line": 26,
            "column": 23
          },
          "end": {
            "line": 26,
            "column": 24
          }
        },
        "loc": {
          "start": {
            "line": 26,
            "column": 29
          },
          "end": {
            "line": 26,
            "column": 63
          }
        },
        "line": 26
      },
      "1": {
        "name": "(anonymous_1)",
        "decl": {
          "start": {
            "line": 27,
            "column": 23
          },
          "end": {
            "line": 27,
            "column": 24
          }
        },
        "loc": {
          "start": {
            "line": 27,
            "column": 29
          },
          "end": {
            "line": 27,
            "column": 57
          }
        },
        "line": 27
      },
      "2": {
        "name": "(anonymous_2)",
        "decl": {
          "start": {
            "line": 28,
            "column": 24
          },
          "end": {
            "line": 28,
            "column": 25
          }
        },
        "loc": {
          "start": {
            "line": 28,
            "column": 30
          },
          "end": {
            "line": 28,
            "column": 58
          }
        },
        "line": 28
      },
      "3": {
        "name": "(anonymous_3)",
        "decl": {
          "start": {
            "line": 29,
            "column": 28
          },
          "end": {
            "line": 29,
            "column": 29
          }
        },
        "loc": {
          "start": {
            "line": 29,
            "column": 34
          },
          "end": {
            "line": 29,
            "column": 66
          }
        },
        "line": 29
      },
      "4": {
        "name": "(anonymous_4)",
        "decl": {
          "start": {
            "line": 30,
            "column": 27
          },
          "end": {
            "line": 30,
            "column": 28
          }
        },
        "loc": {
          "start": {
            "line": 30,
            "column": 33
          },
          "end": {
            "line": 30,
            "column": 64
          }
        },
        "line": 30
      },
      "5": {
        "name": "(anonymous_5)",
        "decl": {
          "start": {
            "line": 31,
            "column": 32
          },
          "end": {
            "line": 31,
            "column": 33
          }
        },
        "loc": {
          "start": {
            "line": 31,
            "column": 38
          },
          "end": {
            "line": 31,
            "column": 74
          }
        },
        "line": 31
      },
      "6": {
        "name": "(anonymous_6)",
        "decl": {
          "start": {
            "line": 32,
            "column": 32
          },
          "end": {
            "line": 32,
            "column": 33
          }
        },
        "loc": {
          "start": {
            "line": 32,
            "column": 38
          },
          "end": {
            "line": 32,
            "column": 74
          }
        },
        "line": 32
      },
      "7": {
        "name": "(anonymous_7)",
        "decl": {
          "start": {
            "line": 33,
            "column": 32
          },
          "end": {
            "line": 33,
            "column": 33
          }
        },
        "loc": {
          "start": {
            "line": 33,
            "column": 38
          },
          "end": {
            "line": 33,
            "column": 75
          }
        },
        "line": 33
      },
      "8": {
        "name": "(anonymous_8)",
        "decl": {
          "start": {
            "line": 34,
            "column": 29
          },
          "end": {
            "line": 34,
            "column": 30
          }
        },
        "loc": {
          "start": {
            "line": 34,
            "column": 35
          },
          "end": {
            "line": 34,
            "column": 68
          }
        },
        "line": 34
      },
      "9": {
        "name": "(anonymous_9)",
        "decl": {
          "start": {
            "line": 35,
            "column": 32
          },
          "end": {
            "line": 35,
            "column": 33
          }
        },
        "loc": {
          "start": {
            "line": 35,
            "column": 38
          },
          "end": {
            "line": 35,
            "column": 74
          }
        },
        "line": 35
      },
      "10": {
        "name": "(anonymous_10)",
        "decl": {
          "start": {
            "line": 36,
            "column": 34
          },
          "end": {
            "line": 36,
            "column": 35
          }
        },
        "loc": {
          "start": {
            "line": 36,
            "column": 40
          },
          "end": {
            "line": 36,
            "column": 78
          }
        },
        "line": 36
      },
      "11": {
        "name": "(anonymous_11)",
        "decl": {
          "start": {
            "line": 37,
            "column": 31
          },
          "end": {
            "line": 37,
            "column": 32
          }
        },
        "loc": {
          "start": {
            "line": 37,
            "column": 37
          },
          "end": {
            "line": 37,
            "column": 71
          }
        },
        "line": 37
      },
      "12": {
        "name": "(anonymous_12)",
        "decl": {
          "start": {
            "line": 38,
            "column": 31
          },
          "end": {
            "line": 38,
            "column": 32
          }
        },
        "loc": {
          "start": {
            "line": 38,
            "column": 37
          },
          "end": {
            "line": 38,
            "column": 72
          }
        },
        "line": 38
      },
      "13": {
        "name": "(anonymous_13)",
        "decl": {
          "start": {
            "line": 39,
            "column": 31
          },
          "end": {
            "line": 39,
            "column": 32
          }
        },
        "loc": {
          "start": {
            "line": 39,
            "column": 37
          },
          "end": {
            "line": 39,
            "column": 72
          }
        },
        "line": 39
      },
      "14": {
        "name": "(anonymous_14)",
        "decl": {
          "start": {
            "line": 41,
            "column": 12
          },
          "end": {
            "line": 41,
            "column": 13
          }
        },
        "loc": {
          "start": {
            "line": 41,
            "column": 18
          },
          "end": {
            "line": 79,
            "column": 1
          }
        },
        "line": 41
      }
    },
    "branchMap": {},
    "s": {
      "0": 11,
      "1": 0,
      "2": 11,
      "3": 0,
      "4": 11,
      "5": 0,
      "6": 11,
      "7": 0,
      "8": 11,
      "9": 0,
      "10": 11,
      "11": 0,
      "12": 11,
      "13": 0,
      "14": 11,
      "15": 0,
      "16": 11,
      "17": 0,
      "18": 11,
      "19": 0,
      "20": 11,
      "21": 0,
      "22": 11,
      "23": 0,
      "24": 11,
      "25": 0,
      "26": 11,
      "27": 11,
      "28": 11,
      "29": 11,
      "30": 11
    },
    "f": {
      "0": 0,
      "1": 0,
      "2": 0,
      "3": 0,
      "4": 0,
      "5": 0,
      "6": 0,
      "7": 0,
      "8": 0,
      "9": 0,
      "10": 0,
      "11": 0,
      "12": 0,
      "13": 11,
      "14": 11
    },
    "b": {},
    "_coverageSchema": "1a1c01bbd47fc00a2c39e90264f33305004495a9",
    "hash": "19510c20bdb497c3581e85d689702ea7e8a03167"
  },
  "D:\\forStudy\\movie2 - 1\\moviesApp\\src\\components\\personCard\\index.js": {
    "path": "D:\\forStudy\\movie2 - 1\\moviesApp\\src\\components\\personCard\\index.js",
    "statementMap": {
      "0": {
        "start": {
          "line": 6,
          "column": 19
        },
        "end": {
          "line": 35,
          "column": 1
        }
      },
      "1": {
        "start": {
          "line": 7,
          "column": 2
        },
        "end": {
          "line": 34,
          "column": 4
        }
      },
      "2": {
        "start": {
          "line": 28,
          "column": 82
        },
        "end": {
          "line": 28,
          "column": 96
        }
      }
    },
    "fnMap": {
      "0": {
        "name": "(anonymous_0)",
        "decl": {
          "start": {
            "line": 6,
            "column": 19
          },
          "end": {
            "line": 6,
            "column": 20
          }
        },
        "loc": {
          "start": {
            "line": 6,
            "column": 33
          },
          "end": {
            "line": 35,
            "column": 1
          }
        },
        "line": 6
      },
      "1": {
        "name": "(anonymous_1)",
        "decl": {
          "start": {
            "line": 28,
            "column": 78
          },
          "end": {
            "line": 28,
            "column": 79
          }
        },
        "loc": {
          "start": {
            "line": 28,
            "column": 81
          },
          "end": {
            "line": 28,
            "column": 97
          }
        },
        "line": 28
      }
    },
    "branchMap": {
      "0": {
        "loc": {
          "start": {
            "line": 16,
            "column": 12
          },
          "end": {
            "line": 18,
            "column": 47
          }
        },
        "type": "cond-expr",
        "locations": [
          {
            "start": {
              "line": 17,
              "column": 16
            },
            "end": {
              "line": 17,
              "column": 72
            }
          },
          {
            "start": {
              "line": 18,
              "column": 16
            },
            "end": {
              "line": 18,
              "column": 47
            }
          }
        ],
        "line": 16
      }
    },
    "s": {
      "0": 11,
      "1": 234,
      "2": 702
    },
    "f": {
      "0": 234,
      "1": 702
    },
    "b": {
      "0": [
        234,
        0
      ]
    },
    "_coverageSchema": "1a1c01bbd47fc00a2c39e90264f33305004495a9",
    "hash": "7cc78214dc6f4c7793a7b549be564b1eaebbc885"
  },
  "D:\\forStudy\\movie2 - 1\\moviesApp\\src\\components\\personList\\index.js": {
    "path": "D:\\forStudy\\movie2 - 1\\moviesApp\\src\\components\\personList\\index.js",
    "statementMap": {
      "0": {
        "start": {
          "line": 5,
          "column": 19
        },
        "end": {
          "line": 10,
          "column": 1
        }
      },
      "1": {
        "start": {
          "line": 6,
          "column": 22
        },
        "end": {
          "line": 8,
          "column": 4
        }
      },
      "2": {
        "start": {
          "line": 7,
          "column": 4
        },
        "end": {
          "line": 7,
          "column": 40
        }
      },
      "3": {
        "start": {
          "line": 9,
          "column": 2
        },
        "end": {
          "line": 9,
          "column": 57
        }
      }
    },
    "fnMap": {
      "0": {
        "name": "(anonymous_0)",
        "decl": {
          "start": {
            "line": 5,
            "column": 19
          },
          "end": {
            "line": 5,
            "column": 20
          }
        },
        "loc": {
          "start": {
            "line": 5,
            "column": 33
          },
          "end": {
            "line": 10,
            "column": 1
          }
        },
        "line": 5
      },
      "1": {
        "name": "(anonymous_1)",
        "decl": {
          "start": {
            "line": 6,
            "column": 33
          },
          "end": {
            "line": 6,
            "column": 34
          }
        },
        "loc": {
          "start": {
            "line": 7,
            "column": 4
          },
          "end": {
            "line": 7,
            "column": 40
          }
        },
        "line": 7
      }
    },
    "branchMap": {},
    "s": {
      "0": 11,
      "1": 33,
      "2": 234,
      "3": 33
    },
    "f": {
      "0": 33,
      "1": 234
    },
    "b": {},
    "_coverageSchema": "1a1c01bbd47fc00a2c39e90264f33305004495a9",
    "hash": "9715bb9c0230cf55ab51102374da17c79864d6a8"
  },
  "D:\\forStudy\\movie2 - 1\\moviesApp\\src\\pages\\popularPeoplePage.js": {
    "path": "D:\\forStudy\\movie2 - 1\\moviesApp\\src\\pages\\popularPeoplePage.js",
    "statementMap": {
      "0": {
        "start": {
          "line": 9,
          "column": 26
        },
        "end": {
          "line": 51,
          "column": 1
        }
      },
      "1": {
        "start": {
          "line": 10,
          "column": 32
        },
        "end": {
          "line": 10,
          "column": 44
        }
      },
      "2": {
        "start": {
          "line": 11,
          "column": 42
        },
        "end": {
          "line": 11,
          "column": 61
        }
      },
      "3": {
        "start": {
          "line": 12,
          "column": 40
        },
        "end": {
          "line": 12,
          "column": 58
        }
      },
      "4": {
        "start": {
          "line": 13,
          "column": 4
        },
        "end": {
          "line": 18,
          "column": 13
        }
      },
      "5": {
        "start": {
          "line": 14,
          "column": 8
        },
        "end": {
          "line": 16,
          "column": 11
        }
      },
      "6": {
        "start": {
          "line": 15,
          "column": 12
        },
        "end": {
          "line": 15,
          "column": 30
        }
      },
      "7": {
        "start": {
          "line": 20,
          "column": 35
        },
        "end": {
          "line": 22,
          "column": 9
        }
      },
      "8": {
        "start": {
          "line": 21,
          "column": 12
        },
        "end": {
          "line": 21,
          "column": 43
        }
      },
      "9": {
        "start": {
          "line": 23,
          "column": 32
        },
        "end": {
          "line": 25,
          "column": 9
        }
      },
      "10": {
        "start": {
          "line": 24,
          "column": 12
        },
        "end": {
          "line": 24,
          "column": 42
        }
      },
      "11": {
        "start": {
          "line": 26,
          "column": 26
        },
        "end": {
          "line": 31,
          "column": 6
        }
      },
      "12": {
        "start": {
          "line": 27,
          "column": 8
        },
        "end": {
          "line": 30,
          "column": 107
        }
      },
      "13": {
        "start": {
          "line": 32,
          "column": 4
        },
        "end": {
          "line": 50,
          "column": 5
        }
      }
    },
    "fnMap": {
      "0": {
        "name": "(anonymous_0)",
        "decl": {
          "start": {
            "line": 9,
            "column": 26
          },
          "end": {
            "line": 9,
            "column": 27
          }
        },
        "loc": {
          "start": {
            "line": 9,
            "column": 32
          },
          "end": {
            "line": 51,
            "column": 1
          }
        },
        "line": 9
      },
      "1": {
        "name": "(anonymous_1)",
        "decl": {
          "start": {
            "line": 13,
            "column": 14
          },
          "end": {
            "line": 13,
            "column": 15
          }
        },
        "loc": {
          "start": {
            "line": 13,
            "column": 20
          },
          "end": {
            "line": 18,
            "column": 7
          }
        },
        "line": 13
      },
      "2": {
        "name": "(anonymous_2)",
        "decl": {
          "start": {
            "line": 14,
            "column": 32
          },
          "end": {
            "line": 14,
            "column": 33
          }
        },
        "loc": {
          "start": {
            "line": 14,
            "column": 42
          },
          "end": {
            "line": 16,
            "column": 9
          }
        },
        "line": 14
      },
      "3": {
        "name": "(anonymous_3)",
        "decl": {
          "start": {
            "line": 20,
            "column": 35
          },
          "end": {
            "line": 20,
            "column": 36
          }
        },
        "loc": {
          "start": {
            "line": 20,
            "column": 42
          },
          "end": {
            "line": 22,
            "column": 9
          }
        },
        "line": 20
      },
      "4": {
        "name": "(anonymous_4)",
        "decl": {
          "start": {
            "line": 23,
            "column": 32
          },
          "end": {
            "line": 23,
            "column": 33
          }
        },
        "loc": {
          "start": {
            "line": 23,
            "column": 39
          },
          "end": {
            "line": 25,
            "column": 9
          }
        },
        "line": 23
      },
      "5": {
        "name": "(anonymous_5)",
        "decl": {
          "start": {
            "line": 26,
            "column": 40
          },
          "end": {
            "line": 26,
            "column": 41
          }
        },
        "loc": {
          "start": {
            "line": 26,
            "column": 47
          },
          "end": {
            "line": 31,
            "column": 5
          }
        },
        "line": 26
      }
    },
    "branchMap": {
      "0": {
        "loc": {
          "start": {
            "line": 27,
            "column": 15
          },
          "end": {
            "line": 30,
            "column": 106
          }
        },
        "type": "cond-expr",
        "locations": [
          {
            "start": {
              "line": 28,
              "column": 13
            },
            "end": {
              "line": 28,
              "column": 72
            }
          },
          {
            "start": {
              "line": 30,
              "column": 10
            },
            "end": {
              "line": 30,
              "column": 105
            }
          }
        ],
        "line": 27
      },
      "1": {
        "loc": {
          "start": {
            "line": 30,
            "column": 10
          },
          "end": {
            "line": 30,
            "column": 105
          }
        },
        "type": "binary-expr",
        "locations": [
          {
            "start": {
              "line": 30,
              "column": 10
            },
            "end": {
              "line": 30,
              "column": 42
            }
          },
          {
            "start": {
              "line": 30,
              "column": 46
            },
            "end": {
              "line": 30,
              "column": 105
            }
          }
        ],
        "line": 30
      }
    },
    "s": {
      "0": 11,
      "1": 33,
      "2": 33,
      "3": 33,
      "4": 33,
      "5": 11,
      "6": 10,
      "7": 33,
      "8": 3,
      "9": 33,
      "10": 9,
      "11": 33,
      "12": 440,
      "13": 33
    },
    "f": {
      "0": 33,
      "1": 11,
      "2": 10,
      "3": 3,
      "4": 9,
      "5": 440
    },
    "b": {
      "0": [
        360,
        80
      ],
      "1": [
        80,
        32
      ]
    },
    "_coverageSchema": "1a1c01bbd47fc00a2c39e90264f33305004495a9",
    "hash": "dd01aa24f61c07e69e5aeb9721c19540487c747d"
  }
}