{
  "D:\\forStudy\\movie2 - 1\\moviesApp\\src\\components\\headerMovieList\\index.js": {
    "path": "D:\\forStudy\\movie2 - 1\\moviesApp\\src\\components\\headerMovieList\\index.js",
    "statementMap": {
      "0": {
        "start": {
          "line": 3,
          "column": 15
        },
        "end": {
          "line": 14,
          "column": 1
        }
      },
      "1": {
        "start": {
          "line": 4,
          "column": 2
        },
        "end": {
          "line": 13,
          "column": 4
        }
      }
    },
    "fnMap": {
      "0": {
        "name": "(anonymous_0)",
        "decl": {
          "start": {
            "line": 3,
            "column": 15
          },
          "end": {
            "line": 3,
            "column": 16
          }
        },
        "loc": {
          "start": {
            "line": 3,
            "column": 41
          },
          "end": {
            "line": 14,
            "column": 1
          }
        },
        "line": 3
      }
    },
    "branchMap": {},
    "s": {
      "0": 27,
      "1": 144
    },
    "f": {
      "0": 144
    },
    "b": {},
    "_coverageSchema": "1a1c01bbd47fc00a2c39e90264f33305004495a9",
    "hash": "fc076c1bc19744ca8495e4b517c8a0cd2aafa72f"
  },
  "D:\\forStudy\\movie2 - 1\\moviesApp\\src\\globals\\fontawesome.js": {
    "path": "D:\\forStudy\\movie2 - 1\\moviesApp\\src\\globals\\fontawesome.js",
    "statementMap": {
      "0": {
        "start": {
          "line": 11,
          "column": 0
        },
        "end": {
          "line": 11,
          "column": 77
        }
      }
    },
    "fnMap": {},
    "branchMap": {},
    "s": {
      "0": 27
    },
    "f": {},
    "b": {},
    "_coverageSchema": "1a1c01bbd47fc00a2c39e90264f33305004495a9",
    "hash": "054218ee97be35645d91ed9e104762c0c00c8a6e"
  },
  "D:\\forStudy\\movie2 - 1\\moviesApp\\src\\components\\movieCard\\index.js": {
    "path": "D:\\forStudy\\movie2 - 1\\moviesApp\\src\\components\\movieCard\\index.js",
    "statementMap": {
      "0": {
        "start": {
          "line": 6,
          "column": 18
        },
        "end": {
          "line": 39,
          "column": 1
        }
      },
      "1": {
        "start": {
          "line": 8,
          "column": 2
        },
        "end": {
          "line": 38,
          "column": 4
        }
      }
    },
    "fnMap": {
      "0": {
        "name": "(anonymous_0)",
        "decl": {
          "start": {
            "line": 6,
            "column": 18
          },
          "end": {
            "line": 6,
            "column": 19
          }
        },
        "loc": {
          "start": {
            "line": 6,
            "column": 39
          },
          "end": {
            "line": 39,
            "column": 1
          }
        },
        "line": 6
      }
    },
    "branchMap": {
      "0": {
        "loc": {
          "start": {
            "line": 20,
            "column": 12
          },
          "end": {
            "line": 22,
            "column": 47
          }
        },
        "type": "cond-expr",
        "locations": [
          {
            "start": {
              "line": 21,
              "column": 16
            },
            "end": {
              "line": 21,
              "column": 70
            }
          },
          {
            "start": {
              "line": 22,
              "column": 16
            },
            "end": {
              "line": 22,
              "column": 47
            }
          }
        ],
        "line": 20
      }
    },
    "s": {
      "0": 27,
      "1": 2102
    },
    "f": {
      "0": 2102
    },
    "b": {
      "0": [
        2102,
        0
      ]
    },
    "_coverageSchema": "1a1c01bbd47fc00a2c39e90264f33305004495a9",
    "hash": "5f477c987103dfa78719fcccd448d4f862c6a475"
  },
  "D:\\forStudy\\movie2 - 1\\moviesApp\\src\\components\\movieList\\index.js": {
    "path": "D:\\forStudy\\movie2 - 1\\moviesApp\\src\\components\\movieList\\index.js",
    "statementMap": {
      "0": {
        "start": {
          "line": 5,
          "column": 18
        },
        "end": {
          "line": 10,
          "column": 1
        }
      },
      "1": {
        "start": {
          "line": 6,
          "column": 21
        },
        "end": {
          "line": 8,
          "column": 4
        }
      },
      "2": {
        "start": {
          "line": 7,
          "column": 4
        },
        "end": {
          "line": 7,
          "column": 50
        }
      },
      "3": {
        "start": {
          "line": 9,
          "column": 2
        },
        "end": {
          "line": 9,
          "column": 56
        }
      }
    },
    "fnMap": {
      "0": {
        "name": "(anonymous_0)",
        "decl": {
          "start": {
            "line": 5,
            "column": 18
          },
          "end": {
            "line": 5,
            "column": 19
          }
        },
        "loc": {
          "start": {
            "line": 5,
            "column": 40
          },
          "end": {
            "line": 10,
            "column": 1
          }
        },
        "line": 5
      },
      "1": {
        "name": "(anonymous_1)",
        "decl": {
          "start": {
            "line": 6,
            "column": 32
          },
          "end": {
            "line": 6,
            "column": 33
          }
        },
        "loc": {
          "start": {
            "line": 7,
            "column": 4
          },
          "end": {
            "line": 7,
            "column": 50
          }
        },
        "line": 7
      }
    },
    "branchMap": {},
    "s": {
      "0": 27,
      "1": 144,
      "2": 2102,
      "3": 144
    },
    "f": {
      "0": 144,
      "1": 2102
    },
    "b": {},
    "_coverageSchema": "1a1c01bbd47fc00a2c39e90264f33305004495a9",
    "hash": "3c38394b51571e94036c4c269af797ab161decb1"
  },
  "D:\\forStudy\\movie2 - 1\\moviesApp\\src\\api\\tmdb-api.js": {
    "path": "D:\\forStudy\\movie2 - 1\\moviesApp\\src\\api\\tmdb-api.js",
    "statementMap": {
      "0": {
        "start": {
          "line": 1,
          "column": 25
        },
        "end": {
          "line": 7,
          "column": 3
        }
      },
      "1": {
        "start": {
          "line": 2,
          "column": 4
        },
        "end": {
          "line": 6,
          "column": 34
        }
      },
      "2": {
        "start": {
          "line": 5,
          "column": 19
        },
        "end": {
          "line": 5,
          "column": 29
        }
      },
      "3": {
        "start": {
          "line": 6,
          "column": 20
        },
        "end": {
          "line": 6,
          "column": 32
        }
      },
      "4": {
        "start": {
          "line": 9,
          "column": 26
        },
        "end": {
          "line": 13,
          "column": 3
        }
      },
      "5": {
        "start": {
          "line": 10,
          "column": 4
        },
        "end": {
          "line": 12,
          "column": 30
        }
      },
      "6": {
        "start": {
          "line": 12,
          "column": 18
        },
        "end": {
          "line": 12,
          "column": 28
        }
      },
      "7": {
        "start": {
          "line": 15,
          "column": 27
        },
        "end": {
          "line": 23,
          "column": 3
        }
      },
      "8": {
        "start": {
          "line": 16,
          "column": 4
        },
        "end": {
          "line": 22,
          "column": 33
        }
      },
      "9": {
        "start": {
          "line": 21,
          "column": 19
        },
        "end": {
          "line": 21,
          "column": 29
        }
      },
      "10": {
        "start": {
          "line": 22,
          "column": 20
        },
        "end": {
          "line": 22,
          "column": 31
        }
      },
      "11": {
        "start": {
          "line": 25,
          "column": 33
        },
        "end": {
          "line": 31,
          "column": 3
        }
      },
      "12": {
        "start": {
          "line": 26,
          "column": 4
        },
        "end": {
          "line": 30,
          "column": 34
        }
      },
      "13": {
        "start": {
          "line": 29,
          "column": 19
        },
        "end": {
          "line": 29,
          "column": 29
        }
      },
      "14": {
        "start": {
          "line": 30,
          "column": 20
        },
        "end": {
          "line": 30,
          "column": 32
        }
      },
      "15": {
        "start": {
          "line": 33,
          "column": 35
        },
        "end": {
          "line": 39,
          "column": 3
        }
      },
      "16": {
        "start": {
          "line": 34,
          "column": 4
        },
        "end": {
          "line": 38,
          "column": 34
        }
      },
      "17": {
        "start": {
          "line": 37,
          "column": 19
        },
        "end": {
          "line": 37,
          "column": 29
        }
      },
      "18": {
        "start": {
          "line": 38,
          "column": 20
        },
        "end": {
          "line": 38,
          "column": 32
        }
      },
      "19": {
        "start": {
          "line": 40,
          "column": 35
        },
        "end": {
          "line": 46,
          "column": 3
        }
      },
      "20": {
        "start": {
          "line": 41,
          "column": 4
        },
        "end": {
          "line": 45,
          "column": 34
        }
      },
      "21": {
        "start": {
          "line": 44,
          "column": 19
        },
        "end": {
          "line": 44,
          "column": 29
        }
      },
      "22": {
        "start": {
          "line": 45,
          "column": 20
        },
        "end": {
          "line": 45,
          "column": 32
        }
      },
      "23": {
        "start": {
          "line": 48,
          "column": 34
        },
        "end": {
          "line": 54,
          "column": 3
        }
      },
      "24": {
        "start": {
          "line": 49,
          "column": 4
        },
        "end": {
          "line": 53,
          "column": 34
        }
      },
      "25": {
        "start": {
          "line": 52,
          "column": 19
        },
        "end": {
          "line": 52,
          "column": 29
        }
      },
      "26": {
        "start": {
          "line": 53,
          "column": 20
        },
        "end": {
          "line": 53,
          "column": 32
        }
      },
      "27": {
        "start": {
          "line": 56,
          "column": 27
        },
        "end": {
          "line": 60,
          "column": 3
        }
      },
      "28": {
        "start": {
          "line": 57,
          "column": 4
        },
        "end": {
          "line": 59,
          "column": 30
        }
      },
      "29": {
        "start": {
          "line": 59,
          "column": 18
        },
        "end": {
          "line": 59,
          "column": 28
        }
      },
      "30": {
        "start": {
          "line": 62,
          "column": 38
        },
        "end": {
          "line": 66,
          "column": 3
        }
      },
      "31": {
        "start": {
          "line": 63,
          "column": 4
        },
        "end": {
          "line": 65,
          "column": 29
        }
      },
      "32": {
        "start": {
          "line": 65,
          "column": 18
        },
        "end": {
          "line": 65,
          "column": 28
        }
      },
      "33": {
        "start": {
          "line": 68,
          "column": 34
        },
        "end": {
          "line": 72,
          "column": 3
        }
      },
      "34": {
        "start": {
          "line": 69,
          "column": 4
        },
        "end": {
          "line": 71,
          "column": 29
        }
      },
      "35": {
        "start": {
          "line": 71,
          "column": 18
        },
        "end": {
          "line": 71,
          "column": 28
        }
      }
    },
    "fnMap": {
      "0": {
        "name": "(anonymous_0)",
        "decl": {
          "start": {
            "line": 1,
            "column": 25
          },
          "end": {
            "line": 1,
            "column": 26
          }
        },
        "loc": {
          "start": {
            "line": 1,
            "column": 31
          },
          "end": {
            "line": 7,
            "column": 3
          }
        },
        "line": 1
      },
      "1": {
        "name": "(anonymous_1)",
        "decl": {
          "start": {
            "line": 5,
            "column": 12
          },
          "end": {
            "line": 5,
            "column": 13
          }
        },
        "loc": {
          "start": {
            "line": 5,
            "column": 19
          },
          "end": {
            "line": 5,
            "column": 29
          }
        },
        "line": 5
      },
      "2": {
        "name": "(anonymous_2)",
        "decl": {
          "start": {
            "line": 6,
            "column": 12
          },
          "end": {
            "line": 6,
            "column": 13
          }
        },
        "loc": {
          "start": {
            "line": 6,
            "column": 20
          },
          "end": {
            "line": 6,
            "column": 32
          }
        },
        "line": 6
      },
      "3": {
        "name": "(anonymous_3)",
        "decl": {
          "start": {
            "line": 9,
            "column": 26
          },
          "end": {
            "line": 9,
            "column": 27
          }
        },
        "loc": {
          "start": {
            "line": 9,
            "column": 32
          },
          "end": {
            "line": 13,
            "column": 3
          }
        },
        "line": 9
      },
      "4": {
        "name": "(anonymous_4)",
        "decl": {
          "start": {
            "line": 12,
            "column": 11
          },
          "end": {
            "line": 12,
            "column": 12
          }
        },
        "loc": {
          "start": {
            "line": 12,
            "column": 18
          },
          "end": {
            "line": 12,
            "column": 28
          }
        },
        "line": 12
      },
      "5": {
        "name": "(anonymous_5)",
        "decl": {
          "start": {
            "line": 15,
            "column": 27
          },
          "end": {
            "line": 15,
            "column": 28
          }
        },
        "loc": {
          "start": {
            "line": 15,
            "column": 33
          },
          "end": {
            "line": 23,
            "column": 3
          }
        },
        "line": 15
      },
      "6": {
        "name": "(anonymous_6)",
        "decl": {
          "start": {
            "line": 21,
            "column": 12
          },
          "end": {
            "line": 21,
            "column": 13
          }
        },
        "loc": {
          "start": {
            "line": 21,
            "column": 19
          },
          "end": {
            "line": 21,
            "column": 29
          }
        },
        "line": 21
      },
      "7": {
        "name": "(anonymous_7)",
        "decl": {
          "start": {
            "line": 22,
            "column": 12
          },
          "end": {
            "line": 22,
            "column": 13
          }
        },
        "loc": {
          "start": {
            "line": 22,
            "column": 20
          },
          "end": {
            "line": 22,
            "column": 31
          }
        },
        "line": 22
      },
      "8": {
        "name": "(anonymous_8)",
        "decl": {
          "start": {
            "line": 25,
            "column": 33
          },
          "end": {
            "line": 25,
            "column": 34
          }
        },
        "loc": {
          "start": {
            "line": 25,
            "column": 39
          },
          "end": {
            "line": 31,
            "column": 3
          }
        },
        "line": 25
      },
      "9": {
        "name": "(anonymous_9)",
        "decl": {
          "start": {
            "line": 29,
            "column": 12
          },
          "end": {
            "line": 29,
            "column": 13
          }
        },
        "loc": {
          "start": {
            "line": 29,
            "column": 19
          },
          "end": {
            "line": 29,
            "column": 29
          }
        },
        "line": 29
      },
      "10": {
        "name": "(anonymous_10)",
        "decl": {
          "start": {
            "line": 30,
            "column": 12
          },
          "end": {
            "line": 30,
            "column": 13
          }
        },
        "loc": {
          "start": {
            "line": 30,
            "column": 20
          },
          "end": {
            "line": 30,
            "column": 32
          }
        },
        "line": 30
      },
      "11": {
        "name": "(anonymous_11)",
        "decl": {
          "start": {
            "line": 33,
            "column": 35
          },
          "end": {
            "line": 33,
            "column": 36
          }
        },
        "loc": {
          "start": {
            "line": 33,
            "column": 41
          },
          "end": {
            "line": 39,
            "column": 3
          }
        },
        "line": 33
      },
      "12": {
        "name": "(anonymous_12)",
        "decl": {
          "start": {
            "line": 37,
            "column": 12
          },
          "end": {
            "line": 37,
            "column": 13
          }
        },
        "loc": {
          "start": {
            "line": 37,
            "column": 19
          },
          "end": {
            "line": 37,
            "column": 29
          }
        },
        "line": 37
      },
      "13": {
        "name": "(anonymous_13)",
        "decl": {
          "start": {
            "line": 38,
            "column": 12
          },
          "end": {
            "line": 38,
            "column": 13
          }
        },
        "loc": {
          "start": {
            "line": 38,
            "column": 20
          },
          "end": {
            "line": 38,
            "column": 32
          }
        },
        "line": 38
      },
      "14": {
        "name": "(anonymous_14)",
        "decl": {
          "start": {
            "line": 40,
            "column": 35
          },
          "end": {
            "line": 40,
            "column": 36
          }
        },
        "loc": {
          "start": {
            "line": 40,
            "column": 41
          },
          "end": {
            "line": 46,
            "column": 3
          }
        },
        "line": 40
      },
      "15": {
        "name": "(anonymous_15)",
        "decl": {
          "start": {
            "line": 44,
            "column": 12
          },
          "end": {
            "line": 44,
            "column": 13
          }
        },
        "loc": {
          "start": {
            "line": 44,
            "column": 19
          },
          "end": {
            "line": 44,
            "column": 29
          }
        },
        "line": 44
      },
      "16": {
        "name": "(anonymous_16)",
        "decl": {
          "start": {
            "line": 45,
            "column": 12
          },
          "end": {
            "line": 45,
            "column": 13
          }
        },
        "loc": {
          "start": {
            "line": 45,
            "column": 20
          },
          "end": {
            "line": 45,
            "column": 32
          }
        },
        "line": 45
      },
      "17": {
        "name": "(anonymous_17)",
        "decl": {
          "start": {
            "line": 48,
            "column": 34
          },
          "end": {
            "line": 48,
            "column": 35
          }
        },
        "loc": {
          "start": {
            "line": 48,
            "column": 40
          },
          "end": {
            "line": 54,
            "column": 3
          }
        },
        "line": 48
      },
      "18": {
        "name": "(anonymous_18)",
        "decl": {
          "start": {
            "line": 52,
            "column": 12
          },
          "end": {
            "line": 52,
            "column": 13
          }
        },
        "loc": {
          "start": {
            "line": 52,
            "column": 19
          },
          "end": {
            "line": 52,
            "column": 29
          }
        },
        "line": 52
      },
      "19": {
        "name": "(anonymous_19)",
        "decl": {
          "start": {
            "line": 53,
            "column": 12
          },
          "end": {
            "line": 53,
            "column": 13
          }
        },
        "loc": {
          "start": {
            "line": 53,
            "column": 20
          },
          "end": {
            "line": 53,
            "column": 32
          }
        },
        "line": 53
      },
      "20": {
        "name": "(anonymous_20)",
        "decl": {
          "start": {
            "line": 56,
            "column": 27
          },
          "end": {
            "line": 56,
            "column": 28
          }
        },
        "loc": {
          "start": {
            "line": 56,
            "column": 33
          },
          "end": {
            "line": 60,
            "column": 3
          }
        },
        "line": 56
      },
      "21": {
        "name": "(anonymous_21)",
        "decl": {
          "start": {
            "line": 59,
            "column": 11
          },
          "end": {
            "line": 59,
            "column": 12
          }
        },
        "loc": {
          "start": {
            "line": 59,
            "column": 18
          },
          "end": {
            "line": 59,
            "column": 28
          }
        },
        "line": 59
      },
      "22": {
        "name": "(anonymous_22)",
        "decl": {
          "start": {
            "line": 62,
            "column": 38
          },
          "end": {
            "line": 62,
            "column": 39
          }
        },
        "loc": {
          "start": {
            "line": 62,
            "column": 44
          },
          "end": {
            "line": 66,
            "column": 3
          }
        },
        "line": 62
      },
      "23": {
        "name": "(anonymous_23)",
        "decl": {
          "start": {
            "line": 65,
            "column": 11
          },
          "end": {
            "line": 65,
            "column": 12
          }
        },
        "loc": {
          "start": {
            "line": 65,
            "column": 18
          },
          "end": {
            "line": 65,
            "column": 28
          }
        },
        "line": 65
      },
      "24": {
        "name": "(anonymous_24)",
        "decl": {
          "start": {
            "line": 68,
            "column": 34
          },
          "end": {
            "line": 68,
            "column": 35
          }
        },
        "loc": {
          "start": {
            "line": 68,
            "column": 40
          },
          "end": {
            "line": 72,
            "column": 3
          }
        },
        "line": 68
      },
      "25": {
        "name": "(anonymous_25)",
        "decl": {
          "start": {
            "line": 71,
            "column": 11
          },
          "end": {
            "line": 71,
            "column": 12
          }
        },
        "loc": {
          "start": {
            "line": 71,
            "column": 18
          },
          "end": {
            "line": 71,
            "column": 28
          }
        },
        "line": 71
      }
    },
    "branchMap": {},
    "s": {
      "0": 27,
      "1": 27,
      "2": 27,
      "3": 27,
      "4": 27,
      "5": 20,
      "6": 19,
      "7": 27,
      "8": 27,
      "9": 27,
      "10": 27,
      "11": 27,
      "12": 0,
      "13": 0,
      "14": 0,
      "15": 27,
      "16": 27,
      "17": 27,
      "18": 27,
      "19": 27,
      "20": 27,
      "21": 27,
      "22": 27,
      "23": 27,
      "24": 4,
      "25": 4,
      "26": 4,
      "27": 27,
      "28": 6,
      "29": 6,
      "30": 27,
      "31": 6,
      "32": 6,
      "33": 27,
      "34": 20,
      "35": 19
    },
    "f": {
      "0": 27,
      "1": 27,
      "2": 27,
      "3": 20,
      "4": 19,
      "5": 27,
      "6": 27,
      "7": 27,
      "8": 0,
      "9": 0,
      "10": 0,
      "11": 27,
      "12": 27,
      "13": 27,
      "14": 27,
      "15": 27,
      "16": 27,
      "17": 4,
      "18": 4,
      "19": 4,
      "20": 6,
      "21": 6,
      "22": 6,
      "23": 6,
      "24": 20,
      "25": 19
    },
    "b": {},
    "_coverageSchema": "1a1c01bbd47fc00a2c39e90264f33305004495a9",
    "hash": "d1f061042115923d4112d03390381762faebe624"
  },
  "D:\\forStudy\\movie2 - 1\\moviesApp\\src\\contexts\\genresContext.js": {
    "path": "D:\\forStudy\\movie2 - 1\\moviesApp\\src\\contexts\\genresContext.js",
    "statementMap": {
      "0": {
        "start": {
          "line": 4,
          "column": 29
        },
        "end": {
          "line": 4,
          "column": 48
        }
      },
      "1": {
        "start": {
          "line": 6,
          "column": 30
        },
        "end": {
          "line": 24,
          "column": 1
        }
      },
      "2": {
        "start": {
          "line": 7,
          "column": 32
        },
        "end": {
          "line": 7,
          "column": 68
        }
      },
      "3": {
        "start": {
          "line": 8,
          "column": 4
        },
        "end": {
          "line": 13,
          "column": 11
        }
      },
      "4": {
        "start": {
          "line": 9,
          "column": 6
        },
        "end": {
          "line": 11,
          "column": 9
        }
      },
      "5": {
        "start": {
          "line": 10,
          "column": 8
        },
        "end": {
          "line": 10,
          "column": 45
        }
      },
      "6": {
        "start": {
          "line": 15,
          "column": 4
        },
        "end": {
          "line": 23,
          "column": 5
        }
      }
    },
    "fnMap": {
      "0": {
        "name": "(anonymous_0)",
        "decl": {
          "start": {
            "line": 6,
            "column": 30
          },
          "end": {
            "line": 6,
            "column": 31
          }
        },
        "loc": {
          "start": {
            "line": 6,
            "column": 39
          },
          "end": {
            "line": 24,
            "column": 1
          }
        },
        "line": 6
      },
      "1": {
        "name": "(anonymous_1)",
        "decl": {
          "start": {
            "line": 8,
            "column": 14
          },
          "end": {
            "line": 8,
            "column": 15
          }
        },
        "loc": {
          "start": {
            "line": 8,
            "column": 20
          },
          "end": {
            "line": 13,
            "column": 5
          }
        },
        "line": 8
      },
      "2": {
        "name": "(anonymous_2)",
        "decl": {
          "start": {
            "line": 9,
            "column": 23
          },
          "end": {
            "line": 9,
            "column": 24
          }
        },
        "loc": {
          "start": {
            "line": 9,
            "column": 36
          },
          "end": {
            "line": 11,
            "column": 7
          }
        },
        "line": 9
      }
    },
    "branchMap": {},
    "s": {
      "0": 27,
      "1": 27,
      "2": 54,
      "3": 54,
      "4": 27,
      "5": 27,
      "6": 54
    },
    "f": {
      "0": 54,
      "1": 27,
      "2": 27
    },
    "b": {},
    "_coverageSchema": "1a1c01bbd47fc00a2c39e90264f33305004495a9",
    "hash": "ec2887eac8bb9241bdef065f8cfe90e31224a38d"
  },
  "D:\\forStudy\\movie2 - 1\\moviesApp\\src\\components\\filterControls\\index.js": {
    "path": "D:\\forStudy\\movie2 - 1\\moviesApp\\src\\components\\filterControls\\index.js",
    "statementMap": {
      "0": {
        "start": {
          "line": 5,
          "column": 23
        },
        "end": {
          "line": 43,
          "column": 1
        }
      },
      "1": {
        "start": {
          "line": 6,
          "column": 18
        },
        "end": {
          "line": 6,
          "column": 43
        }
      },
      "2": {
        "start": {
          "line": 8,
          "column": 23
        },
        "end": {
          "line": 11,
          "column": 3
        }
      },
      "3": {
        "start": {
          "line": 9,
          "column": 4
        },
        "end": {
          "line": 9,
          "column": 23
        }
      },
      "4": {
        "start": {
          "line": 10,
          "column": 4
        },
        "end": {
          "line": 10,
          "column": 35
        }
      },
      "5": {
        "start": {
          "line": 12,
          "column": 27
        },
        "end": {
          "line": 14,
          "column": 3
        }
      },
      "6": {
        "start": {
          "line": 13,
          "column": 4
        },
        "end": {
          "line": 13,
          "column": 44
        }
      },
      "7": {
        "start": {
          "line": 15,
          "column": 28
        },
        "end": {
          "line": 17,
          "column": 3
        }
      },
      "8": {
        "start": {
          "line": 16,
          "column": 4
        },
        "end": {
          "line": 16,
          "column": 45
        }
      },
      "9": {
        "start": {
          "line": 19,
          "column": 2
        },
        "end": {
          "line": 42,
          "column": 4
        }
      },
      "10": {
        "start": {
          "line": 32,
          "column": 14
        },
        "end": {
          "line": 36,
          "column": 16
        }
      }
    },
    "fnMap": {
      "0": {
        "name": "(anonymous_0)",
        "decl": {
          "start": {
            "line": 5,
            "column": 23
          },
          "end": {
            "line": 5,
            "column": 24
          }
        },
        "loc": {
          "start": {
            "line": 5,
            "column": 32
          },
          "end": {
            "line": 43,
            "column": 1
          }
        },
        "line": 5
      },
      "1": {
        "name": "(anonymous_1)",
        "decl": {
          "start": {
            "line": 8,
            "column": 23
          },
          "end": {
            "line": 8,
            "column": 24
          }
        },
        "loc": {
          "start": {
            "line": 8,
            "column": 43
          },
          "end": {
            "line": 11,
            "column": 3
          }
        },
        "line": 8
      },
      "2": {
        "name": "(anonymous_2)",
        "decl": {
          "start": {
            "line": 12,
            "column": 27
          },
          "end": {
            "line": 12,
            "column": 28
          }
        },
        "loc": {
          "start": {
            "line": 12,
            "column": 32
          },
          "end": {
            "line": 14,
            "column": 3
          }
        },
        "line": 12
      },
      "3": {
        "name": "(anonymous_3)",
        "decl": {
          "start": {
            "line": 15,
            "column": 28
          },
          "end": {
            "line": 15,
            "column": 29
          }
        },
        "loc": {
          "start": {
            "line": 15,
            "column": 33
          },
          "end": {
            "line": 17,
            "column": 3
          }
        },
        "line": 15
      },
      "4": {
        "name": "(anonymous_4)",
        "decl": {
          "start": {
            "line": 31,
            "column": 32
          },
          "end": {
            "line": 31,
            "column": 33
          }
        },
        "loc": {
          "start": {
            "line": 31,
            "column": 41
          },
          "end": {
            "line": 37,
            "column": 13
          }
        },
        "line": 31
      }
    },
    "branchMap": {},
    "s": {
      "0": 27,
      "1": 165,
      "2": 165,
      "3": 0,
      "4": 0,
      "5": 165,
      "6": 0,
      "7": 165,
      "8": 0,
      "9": 165,
      "10": 2787
    },
    "f": {
      "0": 165,
      "1": 0,
      "2": 0,
      "3": 0,
      "4": 2787
    },
    "b": {},
    "_coverageSchema": "1a1c01bbd47fc00a2c39e90264f33305004495a9",
    "hash": "d1a1e7eb09961bd722c160b5d66175100fd0ed1f"
  },
  "D:\\forStudy\\movie2 - 1\\moviesApp\\src\\components\\templateMovieListPage\\index.js": {
    "path": "D:\\forStudy\\movie2 - 1\\moviesApp\\src\\components\\templateMovieListPage\\index.js",
    "statementMap": {
      "0": {
        "start": {
          "line": 6,
          "column": 30
        },
        "end": {
          "line": 35,
          "column": 1
        }
      },
      "1": {
        "start": {
          "line": 7,
          "column": 38
        },
        "end": {
          "line": 7,
          "column": 50
        }
      },
      "2": {
        "start": {
          "line": 8,
          "column": 40
        },
        "end": {
          "line": 8,
          "column": 53
        }
      },
      "3": {
        "start": {
          "line": 9,
          "column": 16
        },
        "end": {
          "line": 9,
          "column": 35
        }
      },
      "4": {
        "start": {
          "line": 10,
          "column": 24
        },
        "end": {
          "line": 18,
          "column": 6
        }
      },
      "5": {
        "start": {
          "line": 12,
          "column": 6
        },
        "end": {
          "line": 12,
          "column": 75
        }
      },
      "6": {
        "start": {
          "line": 15,
          "column": 6
        },
        "end": {
          "line": 17,
          "column": 15
        }
      },
      "7": {
        "start": {
          "line": 20,
          "column": 23
        },
        "end": {
          "line": 23,
          "column": 3
        }
      },
      "8": {
        "start": {
          "line": 21,
          "column": 4
        },
        "end": {
          "line": 22,
          "column": 31
        }
      },
      "9": {
        "start": {
          "line": 21,
          "column": 25
        },
        "end": {
          "line": 21,
          "column": 46
        }
      },
      "10": {
        "start": {
          "line": 22,
          "column": 9
        },
        "end": {
          "line": 22,
          "column": 31
        }
      },
      "11": {
        "start": {
          "line": 25,
          "column": 2
        },
        "end": {
          "line": 34,
          "column": 4
        }
      }
    },
    "fnMap": {
      "0": {
        "name": "(anonymous_0)",
        "decl": {
          "start": {
            "line": 6,
            "column": 30
          },
          "end": {
            "line": 6,
            "column": 31
          }
        },
        "loc": {
          "start": {
            "line": 6,
            "column": 61
          },
          "end": {
            "line": 35,
            "column": 1
          }
        },
        "line": 6
      },
      "1": {
        "name": "(anonymous_1)",
        "decl": {
          "start": {
            "line": 11,
            "column": 12
          },
          "end": {
            "line": 11,
            "column": 13
          }
        },
        "loc": {
          "start": {
            "line": 11,
            "column": 17
          },
          "end": {
            "line": 13,
            "column": 5
          }
        },
        "line": 11
      },
      "2": {
        "name": "(anonymous_2)",
        "decl": {
          "start": {
            "line": 14,
            "column": 12
          },
          "end": {
            "line": 14,
            "column": 13
          }
        },
        "loc": {
          "start": {
            "line": 14,
            "column": 17
          },
          "end": {
            "line": 18,
            "column": 5
          }
        },
        "line": 14
      },
      "3": {
        "name": "(anonymous_3)",
        "decl": {
          "start": {
            "line": 20,
            "column": 23
          },
          "end": {
            "line": 20,
            "column": 24
          }
        },
        "loc": {
          "start": {
            "line": 20,
            "column": 40
          },
          "end": {
            "line": 23,
            "column": 3
          }
        },
        "line": 20
      }
    },
    "branchMap": {
      "0": {
        "loc": {
          "start": {
            "line": 15,
            "column": 14
          },
          "end": {
            "line": 17,
            "column": 14
          }
        },
        "type": "cond-expr",
        "locations": [
          {
            "start": {
              "line": 16,
              "column": 10
            },
            "end": {
              "line": 16,
              "column": 51
            }
          },
          {
            "start": {
              "line": 17,
              "column": 10
            },
            "end": {
              "line": 17,
              "column": 14
            }
          }
        ],
        "line": 15
      },
      "1": {
        "loc": {
          "start": {
            "line": 21,
            "column": 4
          },
          "end": {
            "line": 22,
            "column": 31
          }
        },
        "type": "if",
        "locations": [
          {
            "start": {
              "line": 21,
              "column": 4
            },
            "end": {
              "line": 22,
              "column": 31
            }
          },
          {
            "start": {
              "line": 21,
              "column": 4
            },
            "end": {
              "line": 22,
              "column": 31
            }
          }
        ],
        "line": 21
      }
    },
    "s": {
      "0": 27,
      "1": 144,
      "2": 144,
      "3": 144,
      "4": 144,
      "5": 2102,
      "6": 2102,
      "7": 144,
      "8": 0,
      "9": 0,
      "10": 0,
      "11": 144
    },
    "f": {
      "0": 144,
      "1": 2102,
      "2": 2102,
      "3": 0
    },
    "b": {
      "0": [
        0,
        2102
      ],
      "1": [
        0,
        0
      ]
    },
    "_coverageSchema": "1a1c01bbd47fc00a2c39e90264f33305004495a9",
    "hash": "b26c0d948e49c1103ba8cf683094fc26c8459274"
  },
  "D:\\forStudy\\movie2 - 1\\moviesApp\\src\\contexts\\moviesContext.js": {
    "path": "D:\\forStudy\\movie2 - 1\\moviesApp\\src\\contexts\\moviesContext.js",
    "statementMap": {
      "0": {
        "start": {
          "line": 4,
          "column": 29
        },
        "end": {
          "line": 4,
          "column": 48
        }
      },
      "1": {
        "start": {
          "line": 6,
          "column": 16
        },
        "end": {
          "line": 59,
          "column": 1
        }
      },
      "2": {
        "start": {
          "line": 7,
          "column": 2
        },
        "end": {
          "line": 58,
          "column": 3
        }
      },
      "3": {
        "start": {
          "line": 9,
          "column": 6
        },
        "end": {
          "line": 15,
          "column": 8
        }
      },
      "4": {
        "start": {
          "line": 11,
          "column": 10
        },
        "end": {
          "line": 11,
          "column": 73
        }
      },
      "5": {
        "start": {
          "line": 17,
          "column": 6
        },
        "end": {
          "line": 23,
          "column": 8
        }
      },
      "6": {
        "start": {
          "line": 19,
          "column": 10
        },
        "end": {
          "line": 19,
          "column": 77
        }
      },
      "7": {
        "start": {
          "line": 25,
          "column": 8
        },
        "end": {
          "line": 31,
          "column": 10
        }
      },
      "8": {
        "start": {
          "line": 27,
          "column": 12
        },
        "end": {
          "line": 27,
          "column": 80
        }
      },
      "9": {
        "start": {
          "line": 33,
          "column": 8
        },
        "end": {
          "line": 39,
          "column": 10
        }
      },
      "10": {
        "start": {
          "line": 35,
          "column": 12
        },
        "end": {
          "line": 35,
          "column": 81
        }
      },
      "11": {
        "start": {
          "line": 41,
          "column": 6
        },
        "end": {
          "line": 41,
          "column": 109
        }
      },
      "12": {
        "start": {
          "line": 43,
          "column": 6
        },
        "end": {
          "line": 43,
          "column": 107
        }
      },
      "13": {
        "start": {
          "line": 45,
          "column": 6
        },
        "end": {
          "line": 45,
          "column": 107
        }
      },
      "14": {
        "start": {
          "line": 47,
          "column": 6
        },
        "end": {
          "line": 55,
          "column": 8
        }
      },
      "15": {
        "start": {
          "line": 49,
          "column": 10
        },
        "end": {
          "line": 51,
          "column": 15
        }
      },
      "16": {
        "start": {
          "line": 57,
          "column": 6
        },
        "end": {
          "line": 57,
          "column": 19
        }
      },
      "17": {
        "start": {
          "line": 61,
          "column": 30
        },
        "end": {
          "line": 124,
          "column": 1
        }
      },
      "18": {
        "start": {
          "line": 62,
          "column": 28
        },
        "end": {
          "line": 62,
          "column": 91
        }
      },
      "19": {
        "start": {
          "line": 64,
          "column": 25
        },
        "end": {
          "line": 67,
          "column": 3
        }
      },
      "20": {
        "start": {
          "line": 65,
          "column": 18
        },
        "end": {
          "line": 65,
          "column": 64
        }
      },
      "21": {
        "start": {
          "line": 65,
          "column": 42
        },
        "end": {
          "line": 65,
          "column": 46
        }
      },
      "22": {
        "start": {
          "line": 66,
          "column": 4
        },
        "end": {
          "line": 66,
          "column": 80
        }
      },
      "23": {
        "start": {
          "line": 69,
          "column": 20
        },
        "end": {
          "line": 71,
          "column": 3
        }
      },
      "24": {
        "start": {
          "line": 70,
          "column": 4
        },
        "end": {
          "line": 70,
          "column": 65
        }
      },
      "25": {
        "start": {
          "line": 73,
          "column": 25
        },
        "end": {
          "line": 76,
          "column": 3
        }
      },
      "26": {
        "start": {
          "line": 74,
          "column": 18
        },
        "end": {
          "line": 74,
          "column": 66
        }
      },
      "27": {
        "start": {
          "line": 74,
          "column": 44
        },
        "end": {
          "line": 74,
          "column": 48
        }
      },
      "28": {
        "start": {
          "line": 75,
          "column": 4
        },
        "end": {
          "line": 75,
          "column": 86
        }
      },
      "29": {
        "start": {
          "line": 77,
          "column": 30
        },
        "end": {
          "line": 80,
          "column": 3
        }
      },
      "30": {
        "start": {
          "line": 78,
          "column": 18
        },
        "end": {
          "line": 78,
          "column": 66
        }
      },
      "31": {
        "start": {
          "line": 78,
          "column": 44
        },
        "end": {
          "line": 78,
          "column": 48
        }
      },
      "32": {
        "start": {
          "line": 79,
          "column": 4
        },
        "end": {
          "line": 79,
          "column": 89
        }
      },
      "33": {
        "start": {
          "line": 82,
          "column": 27
        },
        "end": {
          "line": 85,
          "column": 3
        }
      },
      "34": {
        "start": {
          "line": 83,
          "column": 18
        },
        "end": {
          "line": 83,
          "column": 66
        }
      },
      "35": {
        "start": {
          "line": 83,
          "column": 44
        },
        "end": {
          "line": 83,
          "column": 48
        }
      },
      "36": {
        "start": {
          "line": 84,
          "column": 4
        },
        "end": {
          "line": 84,
          "column": 88
        }
      },
      "37": {
        "start": {
          "line": 87,
          "column": 2
        },
        "end": {
          "line": 92,
          "column": 9
        }
      },
      "38": {
        "start": {
          "line": 88,
          "column": 4
        },
        "end": {
          "line": 90,
          "column": 7
        }
      },
      "39": {
        "start": {
          "line": 89,
          "column": 6
        },
        "end": {
          "line": 89,
          "column": 54
        }
      },
      "40": {
        "start": {
          "line": 94,
          "column": 2
        },
        "end": {
          "line": 99,
          "column": 9
        }
      },
      "41": {
        "start": {
          "line": 95,
          "column": 4
        },
        "end": {
          "line": 97,
          "column": 7
        }
      },
      "42": {
        "start": {
          "line": 96,
          "column": 6
        },
        "end": {
          "line": 96,
          "column": 63
        }
      },
      "43": {
        "start": {
          "line": 101,
          "column": 2
        },
        "end": {
          "line": 106,
          "column": 9
        }
      },
      "44": {
        "start": {
          "line": 102,
          "column": 4
        },
        "end": {
          "line": 104,
          "column": 7
        }
      },
      "45": {
        "start": {
          "line": 103,
          "column": 6
        },
        "end": {
          "line": 103,
          "column": 63
        }
      },
      "46": {
        "start": {
          "line": 108,
          "column": 2
        },
        "end": {
          "line": 123,
          "column": 4
        }
      }
    },
    "fnMap": {
      "0": {
        "name": "(anonymous_0)",
        "decl": {
          "start": {
            "line": 6,
            "column": 16
          },
          "end": {
            "line": 6,
            "column": 17
          }
        },
        "loc": {
          "start": {
            "line": 6,
            "column": 35
          },
          "end": {
            "line": 59,
            "column": 1
          }
        },
        "line": 6
      },
      "1": {
        "name": "(anonymous_1)",
        "decl": {
          "start": {
            "line": 10,
            "column": 33
          },
          "end": {
            "line": 10,
            "column": 34
          }
        },
        "loc": {
          "start": {
            "line": 11,
            "column": 10
          },
          "end": {
            "line": 11,
            "column": 73
          }
        },
        "line": 11
      },
      "2": {
        "name": "(anonymous_2)",
        "decl": {
          "start": {
            "line": 18,
            "column": 37
          },
          "end": {
            "line": 18,
            "column": 38
          }
        },
        "loc": {
          "start": {
            "line": 19,
            "column": 10
          },
          "end": {
            "line": 19,
            "column": 77
          }
        },
        "line": 19
      },
      "3": {
        "name": "(anonymous_3)",
        "decl": {
          "start": {
            "line": 26,
            "column": 39
          },
          "end": {
            "line": 26,
            "column": 40
          }
        },
        "loc": {
          "start": {
            "line": 27,
            "column": 12
          },
          "end": {
            "line": 27,
            "column": 80
          }
        },
        "line": 27
      },
      "4": {
        "name": "(anonymous_4)",
        "decl": {
          "start": {
            "line": 34,
            "column": 39
          },
          "end": {
            "line": 34,
            "column": 40
          }
        },
        "loc": {
          "start": {
            "line": 35,
            "column": 12
          },
          "end": {
            "line": 35,
            "column": 81
          }
        },
        "line": 35
      },
      "5": {
        "name": "(anonymous_5)",
        "decl": {
          "start": {
            "line": 48,
            "column": 33
          },
          "end": {
            "line": 48,
            "column": 34
          }
        },
        "loc": {
          "start": {
            "line": 49,
            "column": 10
          },
          "end": {
            "line": 51,
            "column": 15
          }
        },
        "line": 49
      },
      "6": {
        "name": "(anonymous_6)",
        "decl": {
          "start": {
            "line": 61,
            "column": 30
          },
          "end": {
            "line": 61,
            "column": 31
          }
        },
        "loc": {
          "start": {
            "line": 61,
            "column": 41
          },
          "end": {
            "line": 124,
            "column": 1
          }
        },
        "line": 61
      },
      "7": {
        "name": "(anonymous_7)",
        "decl": {
          "start": {
            "line": 64,
            "column": 25
          },
          "end": {
            "line": 64,
            "column": 26
          }
        },
        "loc": {
          "start": {
            "line": 64,
            "column": 38
          },
          "end": {
            "line": 67,
            "column": 3
          }
        },
        "line": 64
      },
      "8": {
        "name": "(anonymous_8)",
        "decl": {
          "start": {
            "line": 65,
            "column": 35
          },
          "end": {
            "line": 65,
            "column": 36
          }
        },
        "loc": {
          "start": {
            "line": 65,
            "column": 42
          },
          "end": {
            "line": 65,
            "column": 46
          }
        },
        "line": 65
      },
      "9": {
        "name": "(anonymous_9)",
        "decl": {
          "start": {
            "line": 69,
            "column": 20
          },
          "end": {
            "line": 69,
            "column": 21
          }
        },
        "loc": {
          "start": {
            "line": 69,
            "column": 39
          },
          "end": {
            "line": 71,
            "column": 3
          }
        },
        "line": 69
      },
      "10": {
        "name": "(anonymous_10)",
        "decl": {
          "start": {
            "line": 73,
            "column": 25
          },
          "end": {
            "line": 73,
            "column": 26
          }
        },
        "loc": {
          "start": {
            "line": 73,
            "column": 38
          },
          "end": {
            "line": 76,
            "column": 3
          }
        },
        "line": 73
      },
      "11": {
        "name": "(anonymous_11)",
        "decl": {
          "start": {
            "line": 74,
            "column": 37
          },
          "end": {
            "line": 74,
            "column": 38
          }
        },
        "loc": {
          "start": {
            "line": 74,
            "column": 44
          },
          "end": {
            "line": 74,
            "column": 48
          }
        },
        "line": 74
      },
      "12": {
        "name": "(anonymous_12)",
        "decl": {
          "start": {
            "line": 77,
            "column": 30
          },
          "end": {
            "line": 77,
            "column": 31
          }
        },
        "loc": {
          "start": {
            "line": 77,
            "column": 43
          },
          "end": {
            "line": 80,
            "column": 3
          }
        },
        "line": 77
      },
      "13": {
        "name": "(anonymous_13)",
        "decl": {
          "start": {
            "line": 78,
            "column": 37
          },
          "end": {
            "line": 78,
            "column": 38
          }
        },
        "loc": {
          "start": {
            "line": 78,
            "column": 44
          },
          "end": {
            "line": 78,
            "column": 48
          }
        },
        "line": 78
      },
      "14": {
        "name": "(anonymous_14)",
        "decl": {
          "start": {
            "line": 82,
            "column": 27
          },
          "end": {
            "line": 82,
            "column": 28
          }
        },
        "loc": {
          "start": {
            "line": 82,
            "column": 40
          },
          "end": {
            "line": 85,
            "column": 3
          }
        },
        "line": 82
      },
      "15": {
        "name": "(anonymous_15)",
        "decl": {
          "start": {
            "line": 83,
            "column": 37
          },
          "end": {
            "line": 83,
            "column": 38
          }
        },
        "loc": {
          "start": {
            "line": 83,
            "column": 44
          },
          "end": {
            "line": 83,
            "column": 48
          }
        },
        "line": 83
      },
      "16": {
        "name": "(anonymous_16)",
        "decl": {
          "start": {
            "line": 87,
            "column": 12
          },
          "end": {
            "line": 87,
            "column": 13
          }
        },
        "loc": {
          "start": {
            "line": 87,
            "column": 18
          },
          "end": {
            "line": 92,
            "column": 3
          }
        },
        "line": 87
      },
      "17": {
        "name": "(anonymous_17)",
        "decl": {
          "start": {
            "line": 88,
            "column": 21
          },
          "end": {
            "line": 88,
            "column": 22
          }
        },
        "loc": {
          "start": {
            "line": 88,
            "column": 33
          },
          "end": {
            "line": 90,
            "column": 5
          }
        },
        "line": 88
      },
      "18": {
        "name": "(anonymous_18)",
        "decl": {
          "start": {
            "line": 94,
            "column": 12
          },
          "end": {
            "line": 94,
            "column": 13
          }
        },
        "loc": {
          "start": {
            "line": 94,
            "column": 18
          },
          "end": {
            "line": 99,
            "column": 3
          }
        },
        "line": 94
      },
      "19": {
        "name": "(anonymous_19)",
        "decl": {
          "start": {
            "line": 95,
            "column": 29
          },
          "end": {
            "line": 95,
            "column": 30
          }
        },
        "loc": {
          "start": {
            "line": 95,
            "column": 41
          },
          "end": {
            "line": 97,
            "column": 5
          }
        },
        "line": 95
      },
      "20": {
        "name": "(anonymous_20)",
        "decl": {
          "start": {
            "line": 101,
            "column": 12
          },
          "end": {
            "line": 101,
            "column": 13
          }
        },
        "loc": {
          "start": {
            "line": 101,
            "column": 18
          },
          "end": {
            "line": 106,
            "column": 3
          }
        },
        "line": 101
      },
      "21": {
        "name": "(anonymous_21)",
        "decl": {
          "start": {
            "line": 102,
            "column": 29
          },
          "end": {
            "line": 102,
            "column": 30
          }
        },
        "loc": {
          "start": {
            "line": 102,
            "column": 41
          },
          "end": {
            "line": 104,
            "column": 5
          }
        },
        "line": 102
      }
    },
    "branchMap": {
      "0": {
        "loc": {
          "start": {
            "line": 7,
            "column": 2
          },
          "end": {
            "line": 58,
            "column": 3
          }
        },
        "type": "switch",
        "locations": [
          {
            "start": {
              "line": 8,
              "column": 4
            },
            "end": {
              "line": 15,
              "column": 8
            }
          },
          {
            "start": {
              "line": 16,
              "column": 4
            },
            "end": {
              "line": 23,
              "column": 8
            }
          },
          {
            "start": {
              "line": 24,
              "column": 6
            },
            "end": {
              "line": 31,
              "column": 10
            }
          },
          {
            "start": {
              "line": 32,
              "column": 4
            },
            "end": {
              "line": 39,
              "column": 10
            }
          },
          {
            "start": {
              "line": 40,
              "column": 4
            },
            "end": {
              "line": 41,
              "column": 109
            }
          },
          {
            "start": {
              "line": 42,
              "column": 4
            },
            "end": {
              "line": 43,
              "column": 107
            }
          },
          {
            "start": {
              "line": 44,
              "column": 4
            },
            "end": {
              "line": 45,
              "column": 107
            }
          },
          {
            "start": {
              "line": 46,
              "column": 4
            },
            "end": {
              "line": 55,
              "column": 8
            }
          },
          {
            "start": {
              "line": 56,
              "column": 4
            },
            "end": {
              "line": 57,
              "column": 19
            }
          }
        ],
        "line": 7
      },
      "1": {
        "loc": {
          "start": {
            "line": 11,
            "column": 10
          },
          "end": {
            "line": 11,
            "column": 73
          }
        },
        "type": "cond-expr",
        "locations": [
          {
            "start": {
              "line": 11,
              "column": 45
            },
            "end": {
              "line": 11,
              "column": 69
            }
          },
          {
            "start": {
              "line": 11,
              "column": 72
            },
            "end": {
              "line": 11,
              "column": 73
            }
          }
        ],
        "line": 11
      },
      "2": {
        "loc": {
          "start": {
            "line": 19,
            "column": 10
          },
          "end": {
            "line": 19,
            "column": 77
          }
        },
        "type": "cond-expr",
        "locations": [
          {
            "start": {
              "line": 19,
              "column": 48
            },
            "end": {
              "line": 19,
              "column": 73
            }
          },
          {
            "start": {
              "line": 19,
              "column": 76
            },
            "end": {
              "line": 19,
              "column": 77
            }
          }
        ],
        "line": 19
      },
      "3": {
        "loc": {
          "start": {
            "line": 27,
            "column": 12
          },
          "end": {
            "line": 27,
            "column": 80
          }
        },
        "type": "cond-expr",
        "locations": [
          {
            "start": {
              "line": 27,
              "column": 50
            },
            "end": {
              "line": 27,
              "column": 76
            }
          },
          {
            "start": {
              "line": 27,
              "column": 79
            },
            "end": {
              "line": 27,
              "column": 80
            }
          }
        ],
        "line": 27
      },
      "4": {
        "loc": {
          "start": {
            "line": 35,
            "column": 12
          },
          "end": {
            "line": 35,
            "column": 81
          }
        },
        "type": "cond-expr",
        "locations": [
          {
            "start": {
              "line": 35,
              "column": 50
            },
            "end": {
              "line": 35,
              "column": 77
            }
          },
          {
            "start": {
              "line": 35,
              "column": 80
            },
            "end": {
              "line": 35,
              "column": 81
            }
          }
        ],
        "line": 35
      },
      "5": {
        "loc": {
          "start": {
            "line": 49,
            "column": 10
          },
          "end": {
            "line": 51,
            "column": 15
          }
        },
        "type": "cond-expr",
        "locations": [
          {
            "start": {
              "line": 50,
              "column": 14
            },
            "end": {
              "line": 50,
              "column": 53
            }
          },
          {
            "start": {
              "line": 51,
              "column": 14
            },
            "end": {
              "line": 51,
              "column": 15
            }
          }
        ],
        "line": 49
      }
    },
    "s": {
      "0": 27,
      "1": 27,
      "2": 89,
      "3": 4,
      "4": 80,
      "5": 2,
      "6": 40,
      "7": 0,
      "8": 0,
      "9": 2,
      "10": 40,
      "11": 27,
      "12": 27,
      "13": 27,
      "14": 0,
      "15": 0,
      "16": 0,
      "17": 27,
      "18": 116,
      "19": 116,
      "20": 4,
      "21": 80,
      "22": 4,
      "23": 116,
      "24": 0,
      "25": 116,
      "26": 2,
      "27": 40,
      "28": 2,
      "29": 116,
      "30": 0,
      "31": 0,
      "32": 0,
      "33": 116,
      "34": 2,
      "35": 40,
      "36": 2,
      "37": 116,
      "38": 27,
      "39": 27,
      "40": 116,
      "41": 27,
      "42": 27,
      "43": 116,
      "44": 27,
      "45": 27,
      "46": 116
    },
    "f": {
      "0": 89,
      "1": 80,
      "2": 40,
      "3": 0,
      "4": 40,
      "5": 0,
      "6": 116,
      "7": 4,
      "8": 80,
      "9": 0,
      "10": 2,
      "11": 40,
      "12": 0,
      "13": 0,
      "14": 2,
      "15": 40,
      "16": 27,
      "17": 27,
      "18": 27,
      "19": 27,
      "20": 27,
      "21": 27
    },
    "b": {
      "0": [
        4,
        2,
        0,
        2,
        27,
        27,
        27,
        0,
        0
      ],
      "1": [
        4,
        76
      ],
      "2": [
        2,
        38
      ],
      "3": [
        0,
        0
      ],
      "4": [
        2,
        38
      ],
      "5": [
        0,
        0
      ]
    },
    "_coverageSchema": "1a1c01bbd47fc00a2c39e90264f33305004495a9",
    "hash": "0af4a2d3a5dce5492a7a7e3343d6762260ea046e"
  },
  "D:\\forStudy\\movie2 - 1\\moviesApp\\src\\contexts\\loginContext.js": {
    "path": "D:\\forStudy\\movie2 - 1\\moviesApp\\src\\contexts\\loginContext.js",
    "statementMap": {
      "0": {
        "start": {
          "line": 3,
          "column": 28
        },
        "end": {
          "line": 3,
          "column": 47
        }
      },
      "1": {
        "start": {
          "line": 5,
          "column": 14
        },
        "end": {
          "line": 14,
          "column": 3
        }
      },
      "2": {
        "start": {
          "line": 6,
          "column": 4
        },
        "end": {
          "line": 13,
          "column": 5
        }
      },
      "3": {
        "start": {
          "line": 8,
          "column": 8
        },
        "end": {
          "line": 8,
          "column": 26
        }
      },
      "4": {
        "start": {
          "line": 10,
          "column": 8
        },
        "end": {
          "line": 10,
          "column": 26
        }
      },
      "5": {
        "start": {
          "line": 12,
          "column": 8
        },
        "end": {
          "line": 12,
          "column": 26
        }
      },
      "6": {
        "start": {
          "line": 15,
          "column": 11
        },
        "end": {
          "line": 15,
          "column": 41
        }
      },
      "7": {
        "start": {
          "line": 16,
          "column": 2
        },
        "end": {
          "line": 16,
          "column": 52
        }
      },
      "8": {
        "start": {
          "line": 18,
          "column": 27
        },
        "end": {
          "line": 41,
          "column": 1
        }
      },
      "9": {
        "start": {
          "line": 19,
          "column": 29
        },
        "end": {
          "line": 19,
          "column": 60
        }
      },
      "10": {
        "start": {
          "line": 20,
          "column": 34
        },
        "end": {
          "line": 20,
          "column": 44
        }
      },
      "11": {
        "start": {
          "line": 21,
          "column": 30
        },
        "end": {
          "line": 23,
          "column": 5
        }
      },
      "12": {
        "start": {
          "line": 22,
          "column": 8
        },
        "end": {
          "line": 22,
          "column": 34
        }
      },
      "13": {
        "start": {
          "line": 24,
          "column": 32
        },
        "end": {
          "line": 26,
          "column": 5
        }
      },
      "14": {
        "start": {
          "line": 25,
          "column": 8
        },
        "end": {
          "line": 25,
          "column": 36
        }
      },
      "15": {
        "start": {
          "line": 28,
          "column": 4
        },
        "end": {
          "line": 40,
          "column": 5
        }
      }
    },
    "fnMap": {
      "0": {
        "name": "(anonymous_0)",
        "decl": {
          "start": {
            "line": 5,
            "column": 14
          },
          "end": {
            "line": 5,
            "column": 15
          }
        },
        "loc": {
          "start": {
            "line": 5,
            "column": 32
          },
          "end": {
            "line": 14,
            "column": 3
          }
        },
        "line": 5
      },
      "1": {
        "name": "(anonymous_1)",
        "decl": {
          "start": {
            "line": 18,
            "column": 27
          },
          "end": {
            "line": 18,
            "column": 28
          }
        },
        "loc": {
          "start": {
            "line": 18,
            "column": 36
          },
          "end": {
            "line": 41,
            "column": 1
          }
        },
        "line": 18
      },
      "2": {
        "name": "(anonymous_2)",
        "decl": {
          "start": {
            "line": 21,
            "column": 30
          },
          "end": {
            "line": 21,
            "column": 31
          }
        },
        "loc": {
          "start": {
            "line": 21,
            "column": 34
          },
          "end": {
            "line": 23,
            "column": 5
          }
        },
        "line": 21
      },
      "3": {
        "name": "(anonymous_3)",
        "decl": {
          "start": {
            "line": 24,
            "column": 32
          },
          "end": {
            "line": 24,
            "column": 33
          }
        },
        "loc": {
          "start": {
            "line": 24,
            "column": 36
          },
          "end": {
            "line": 26,
            "column": 5
          }
        },
        "line": 24
      }
    },
    "branchMap": {
      "0": {
        "loc": {
          "start": {
            "line": 6,
            "column": 4
          },
          "end": {
            "line": 13,
            "column": 5
          }
        },
        "type": "switch",
        "locations": [
          {
            "start": {
              "line": 7,
              "column": 6
            },
            "end": {
              "line": 8,
              "column": 26
            }
          },
          {
            "start": {
              "line": 9,
              "column": 6
            },
            "end": {
              "line": 10,
              "column": 26
            }
          },
          {
            "start": {
              "line": 11,
              "column": 6
            },
            "end": {
              "line": 12,
              "column": 26
            }
          }
        ],
        "line": 6
      }
    },
    "s": {
      "0": 27,
      "1": 27,
      "2": 23,
      "3": 23,
      "4": 0,
      "5": 0,
      "6": 27,
      "7": 27,
      "8": 27,
      "9": 50,
      "10": 50,
      "11": 50,
      "12": 23,
      "13": 50,
      "14": 0,
      "15": 50
    },
    "f": {
      "0": 23,
      "1": 50,
      "2": 23,
      "3": 0
    },
    "b": {
      "0": [
        23,
        0,
        0
      ]
    },
    "_coverageSchema": "1a1c01bbd47fc00a2c39e90264f33305004495a9",
    "hash": "8b183e274681cb4c1c8829a4219aa97a8955489c"
  },
  "D:\\forStudy\\movie2 - 1\\moviesApp\\src\\components\\buttons\\addToFavorites.js": {
    "path": "D:\\forStudy\\movie2 - 1\\moviesApp\\src\\components\\buttons\\addToFavorites.js",
    "statementMap": {
      "0": {
        "start": {
          "line": 5,
          "column": 28
        },
        "end": {
          "line": 26,
          "column": 1
        }
      },
      "1": {
        "start": {
          "line": 6,
          "column": 18
        },
        "end": {
          "line": 6,
          "column": 43
        }
      },
      "2": {
        "start": {
          "line": 7,
          "column": 21
        },
        "end": {
          "line": 7,
          "column": 45
        }
      },
      "3": {
        "start": {
          "line": 8,
          "column": 30
        },
        "end": {
          "line": 16,
          "column": 3
        }
      },
      "4": {
        "start": {
          "line": 9,
          "column": 4
        },
        "end": {
          "line": 9,
          "column": 23
        }
      },
      "5": {
        "start": {
          "line": 10,
          "column": 4
        },
        "end": {
          "line": 15,
          "column": 5
        }
      },
      "6": {
        "start": {
          "line": 11,
          "column": 6
        },
        "end": {
          "line": 11,
          "column": 33
        }
      },
      "7": {
        "start": {
          "line": 14,
          "column": 6
        },
        "end": {
          "line": 14,
          "column": 39
        }
      },
      "8": {
        "start": {
          "line": 17,
          "column": 2
        },
        "end": {
          "line": 25,
          "column": 4
        }
      }
    },
    "fnMap": {
      "0": {
        "name": "(anonymous_0)",
        "decl": {
          "start": {
            "line": 5,
            "column": 28
          },
          "end": {
            "line": 5,
            "column": 29
          }
        },
        "loc": {
          "start": {
            "line": 5,
            "column": 43
          },
          "end": {
            "line": 26,
            "column": 1
          }
        },
        "line": 5
      },
      "1": {
        "name": "(anonymous_1)",
        "decl": {
          "start": {
            "line": 8,
            "column": 30
          },
          "end": {
            "line": 8,
            "column": 31
          }
        },
        "loc": {
          "start": {
            "line": 8,
            "column": 35
          },
          "end": {
            "line": 16,
            "column": 3
          }
        },
        "line": 8
      }
    },
    "branchMap": {
      "0": {
        "loc": {
          "start": {
            "line": 10,
            "column": 4
          },
          "end": {
            "line": 15,
            "column": 5
          }
        },
        "type": "if",
        "locations": [
          {
            "start": {
              "line": 10,
              "column": 4
            },
            "end": {
              "line": 15,
              "column": 5
            }
          },
          {
            "start": {
              "line": 10,
              "column": 4
            },
            "end": {
              "line": 15,
              "column": 5
            }
          }
        ],
        "line": 10
      }
    },
    "s": {
      "0": 27,
      "1": 1776,
      "2": 1776,
      "3": 1776,
      "4": 4,
      "5": 4,
      "6": 0,
      "7": 4,
      "8": 1776
    },
    "f": {
      "0": 1776,
      "1": 4
    },
    "b": {
      "0": [
        0,
        4
      ]
    },
    "_coverageSchema": "1a1c01bbd47fc00a2c39e90264f33305004495a9",
    "hash": "3e4eea55db49466a540903e7fb2b129e9045cc53"
  },
  "D:\\forStudy\\movie2 - 1\\moviesApp\\src\\pages\\homePage.js": {
    "path": "D:\\forStudy\\movie2 - 1\\moviesApp\\src\\pages\\homePage.js",
    "statementMap": {
      "0": {
        "start": {
          "line": 6,
          "column": 17
        },
        "end": {
          "line": 21,
          "column": 1
        }
      },
      "1": {
        "start": {
          "line": 7,
          "column": 18
        },
        "end": {
          "line": 7,
          "column": 43
        }
      },
      "2": {
        "start": {
          "line": 8,
          "column": 17
        },
        "end": {
          "line": 10,
          "column": 4
        }
      },
      "3": {
        "start": {
          "line": 9,
          "column": 4
        },
        "end": {
          "line": 9,
          "column": 30
        }
      },
      "4": {
        "start": {
          "line": 12,
          "column": 2
        },
        "end": {
          "line": 20,
          "column": 4
        }
      },
      "5": {
        "start": {
          "line": 17,
          "column": 8
        },
        "end": {
          "line": 17,
          "column": 54
        }
      }
    },
    "fnMap": {
      "0": {
        "name": "(anonymous_0)",
        "decl": {
          "start": {
            "line": 6,
            "column": 17
          },
          "end": {
            "line": 6,
            "column": 18
          }
        },
        "loc": {
          "start": {
            "line": 6,
            "column": 23
          },
          "end": {
            "line": 21,
            "column": 1
          }
        },
        "line": 6
      },
      "1": {
        "name": "(anonymous_1)",
        "decl": {
          "start": {
            "line": 8,
            "column": 39
          },
          "end": {
            "line": 8,
            "column": 40
          }
        },
        "loc": {
          "start": {
            "line": 8,
            "column": 46
          },
          "end": {
            "line": 10,
            "column": 3
          }
        },
        "line": 8
      },
      "2": {
        "name": "(anonymous_2)",
        "decl": {
          "start": {
            "line": 16,
            "column": 14
          },
          "end": {
            "line": 16,
            "column": 15
          }
        },
        "loc": {
          "start": {
            "line": 16,
            "column": 25
          },
          "end": {
            "line": 18,
            "column": 7
          }
        },
        "line": 16
      }
    },
    "branchMap": {},
    "s": {
      "0": 27,
      "1": 116,
      "2": 116,
      "3": 1780,
      "4": 116,
      "5": 1776
    },
    "f": {
      "0": 116,
      "1": 1780,
      "2": 1776
    },
    "b": {},
    "_coverageSchema": "1a1c01bbd47fc00a2c39e90264f33305004495a9",
    "hash": "24679bc97107245726660a8063e7463a8474bb79"
  },
  "D:\\forStudy\\movie2 - 1\\moviesApp\\src\\components\\siteHeader\\index.js": {
    "path": "D:\\forStudy\\movie2 - 1\\moviesApp\\src\\components\\siteHeader\\index.js",
    "statementMap": {
      "0": {
        "start": {
          "line": 10,
          "column": 19
        },
        "end": {
          "line": 122,
          "column": 1
        }
      },
      "1": {
        "start": {
          "line": 11,
          "column": 21
        },
        "end": {
          "line": 11,
          "column": 45
        }
      },
      "2": {
        "start": {
          "line": 12,
          "column": 2
        },
        "end": {
          "line": 13,
          "column": 3
        }
      },
      "3": {
        "start": {
          "line": 14,
          "column": 19
        },
        "end": {
          "line": 16,
          "column": 3
        }
      },
      "4": {
        "start": {
          "line": 18,
          "column": 20
        },
        "end": {
          "line": 21,
          "column": 3
        }
      },
      "5": {
        "start": {
          "line": 23,
          "column": 23
        },
        "end": {
          "line": 25,
          "column": 1
        }
      },
      "6": {
        "start": {
          "line": 24,
          "column": 4
        },
        "end": {
          "line": 24,
          "column": 39
        }
      },
      "7": {
        "start": {
          "line": 26,
          "column": 32
        },
        "end": {
          "line": 26,
          "column": 52
        }
      },
      "8": {
        "start": {
          "line": 28,
          "column": 22
        },
        "end": {
          "line": 33,
          "column": 3
        }
      },
      "9": {
        "start": {
          "line": 29,
          "column": 4
        },
        "end": {
          "line": 32,
          "column": 32
        }
      },
      "10": {
        "start": {
          "line": 30,
          "column": 4
        },
        "end": {
          "line": 30,
          "column": 37
        }
      },
      "11": {
        "start": {
          "line": 32,
          "column": 4
        },
        "end": {
          "line": 32,
          "column": 32
        }
      },
      "12": {
        "start": {
          "line": 35,
          "column": 22
        },
        "end": {
          "line": 37,
          "column": 3
        }
      },
      "13": {
        "start": {
          "line": 36,
          "column": 4
        },
        "end": {
          "line": 36,
          "column": 22
        }
      },
      "14": {
        "start": {
          "line": 39,
[...]
          "start": {
            "line": 7,
            "column": 46
          },
          "end": {
            "line": 9,
            "column": 7
          }
        },
        "line": 7
      }
    },
    "branchMap": {},
    "s": {
      "0": 4,
      "1": 18,
      "2": 18,
      "3": 6,
      "4": 6,
      "5": 18
    },
    "f": {
      "0": 18,
      "1": 6,
      "2": 6
    },
    "b": {},
    "_coverageSchema": "1a1c01bbd47fc00a2c39e90264f33305004495a9",
    "hash": "946c4c152df7ac866e5bb5a6735de8001e4883f7"
  },
  "D:\\forStudy\\movie2 - 1\\moviesApp\\src\\pages\\peopleDetailsPage.js": {
    "path": "D:\\forStudy\\movie2 - 1\\moviesApp\\src\\pages\\peopleDetailsPage.js",
    "statementMap": {
      "0": {
        "start": {
          "line": 7,
          "column": 19
        },
        "end": {
          "line": 21,
          "column": 1
        }
      },
      "1": {
        "start": {
          "line": 8,
          "column": 17
        },
        "end": {
          "line": 8,
          "column": 35
        }
      },
      "2": {
        "start": {
          "line": 9,
          "column": 19
        },
        "end": {
          "line": 9,
          "column": 32
        }
      },
      "3": {
        "start": {
          "line": 10,
          "column": 19
        },
        "end": {
          "line": 10,
          "column": 37
        }
      },
      "4": {
        "start": {
          "line": 11,
          "column": 2
        },
        "end": {
          "line": 20,
          "column": 4
        }
      }
    },
    "fnMap": {
      "0": {
        "name": "(anonymous_0)",
        "decl": {
          "start": {
            "line": 7,
            "column": 19
          },
          "end": {
            "line": 7,
            "column": 20
          }
        },
        "loc": {
          "start": {
            "line": 7,
            "column": 28
          },
          "end": {
            "line": 21,
            "column": 1
          }
        },
        "line": 7
      }
    },
    "branchMap": {
      "0": {
        "loc": {
          "start": {
            "line": 13,
            "column": 5
          },
          "end": {
            "line": 18,
            "column": 3
          }
        },
        "type": "cond-expr",
        "locations": [
          {
            "start": {
              "line": 14,
              "column": 6
            },
            "end": {
              "line": 16,
              "column": 9
            }
          },
          {
            "start": {
              "line": 17,
              "column": 4
            },
            "end": {
              "line": 17,
              "column": 37
            }
          }
        ],
        "line": 13
      }
    },
    "s": {
      "0": 4,
      "1": 18,
      "2": 18,
      "3": 18,
      "4": 18
    },
    "f": {
      "0": 18
    },
    "b": {
      "0": [
        12,
        6
      ]
    },
    "_coverageSchema": "1a1c01bbd47fc00a2c39e90264f33305004495a9",
    "hash": "11d533f71d95d4529191a1211a2d3594680c1d5a"
  },
  "D:\\forStudy\\movie2 - 1\\moviesApp\\src\\components\\personalInfo\\index.js": {
    "path": "D:\\forStudy\\movie2 - 1\\moviesApp\\src\\components\\personalInfo\\index.js",
    "statementMap": {
      "0": {
        "start": {
          "line": 4,
          "column": 21
        },
        "end": {
          "line": 24,
          "column": 1
        }
      },
      "1": {
        "start": {
          "line": 5,
          "column": 2
        },
        "end": {
          "line": 23,
          "column": 4
        }
      }
    },
    "fnMap": {
      "0": {
        "name": "(anonymous_0)",
        "decl": {
          "start": {
            "line": 4,
            "column": 21
          },
          "end": {
            "line": 4,
            "column": 22
          }
        },
        "loc": {
          "start": {
            "line": 4,
            "column": 33
          },
          "end": {
            "line": 24,
            "column": 1
          }
        },
        "line": 4
      }
    },
    "branchMap": {},
    "s": {
      "0": 5,
      "1": 7
    },
    "f": {
      "0": 7
    },
    "b": {},
    "_coverageSchema": "1a1c01bbd47fc00a2c39e90264f33305004495a9",
    "hash": "3be3db352f7f76977b4995dfa50bb142480f4004"
  },
  "D:\\forStudy\\movie2 - 1\\moviesApp\\src\\pages\\personalInfoPage.js": {
    "path": "D:\\forStudy\\movie2 - 1\\moviesApp\\src\\pages\\personalInfoPage.js",
    "statementMap": {
      "0": {
        "start": {
          "line": 6,
          "column": 25
        },
        "end": {
          "line": 14,
          "column": 1
        }
      },
      "1": {
        "start": {
          "line": 7,
          "column": 25
        },
        "end": {
          "line": 7,
          "column": 49
        }
      },
      "2": {
        "start": {
          "line": 8,
          "column": 24
        },
        "end": {
          "line": 8,
          "column": 51
        }
      },
      "3": {
        "start": {
          "line": 9,
          "column": 15
        },
        "end": {
          "line": 9,
          "column": 31
        }
      },
      "4": {
        "start": {
          "line": 10,
          "column": 4
        },
        "end": {
          "line": 10,
          "column": 40
        }
      },
      "5": {
        "start": {
          "line": 11,
          "column": 2
        },
        "end": {
          "line": 13,
          "column": 4
        }
      }
    },
    "fnMap": {
      "0": {
        "name": "(anonymous_0)",
        "decl": {
          "start": {
            "line": 6,
            "column": 25
          },
          "end": {
            "line": 6,
            "column": 26
          }
        },
        "loc": {
          "start": {
            "line": 6,
            "column": 31
          },
          "end": {
            "line": 14,
            "column": 1
          }
        },
        "line": 6
      }
    },
    "branchMap": {},
    "s": {
      "0": 5,
      "1": 7,
      "2": 7,
      "3": 7,
      "4": 7,
      "5": 7
    },
    "f": {
      "0": 7
    },
    "b": {},
    "_coverageSchema": "1a1c01bbd47fc00a2c39e90264f33305004495a9",
    "hash": "fb2e08380af744ddfbddfbccf3a6ff9db04f2deb"
  },
  "D:\\forStudy\\movie2 - 1\\moviesApp\\src\\components\\personalInfoEdit\\index.js": {
    "path": "D:\\forStudy\\movie2 - 1\\moviesApp\\src\\components\\personalInfoEdit\\index.js",
    "statementMap": {
      "0": {
        "start": {
          "line": 13,
          "column": 25
        },
        "end": {
          "line": 150,
          "column": 1
        }
      },
      "1": {
        "start": {
          "line": 14,
          "column": 27
        },
        "end": {
          "line": 14,
          "column": 36
        }
      },
      "2": {
        "start": {
          "line": 15,
          "column": 20
        },
        "end": {
          "line": 15,
          "column": 47
        }
      },
      "3": {
        "start": {
          "line": 16,
          "column": 42
        },
        "end": {
          "line": 16,
          "column": 55
        }
      },
      "4": {
        "start": {
          "line": 17,
          "column": 25
        },
        "end": {
          "line": 17,
          "column": 43
        }
      },
      "5": {
        "start": {
          "line": 19,
          "column": 22
        },
        "end": {
          "line": 29,
          "column": 9
        }
      },
      "6": {
        "start": {
          "line": 19,
          "column": 45
        },
        "end": {
          "line": 29,
          "column": 7
        }
      },
      "7": {
        "start": {
          "line": 30,
          "column": 20
        },
        "end": {
          "line": 30,
          "column": 31
        }
      },
      "8": {
        "start": {
          "line": 31,
          "column": 31
        },
        "end": {
          "line": 36,
          "column": 5
        }
      },
      "9": {
        "start": {
          "line": 32,
          "column": 8
        },
        "end": {
          "line": 32,
          "column": 39
        }
      },
      "10": {
        "start": {
          "line": 33,
          "column": 22
        },
        "end": {
          "line": 33,
          "column": 26
        }
      },
      "11": {
        "start": {
          "line": 34,
          "column": 8
        },
        "end": {
          "line": 34,
          "column": 40
        }
      },
      "12": {
        "start": {
          "line": 35,
          "column": 8
        },
        "end": {
          "line": 35,
          "column": 34
        }
      },
      "13": {
        "start": {
          "line": 37,
          "column": 27
        },
        "end": {
          "line": 41,
          "column": 5
        }
      },
      "14": {
        "start": {
          "line": 38,
          "column": 22
        },
        "end": {
          "line": 38,
          "column": 26
        }
      },
      "15": {
        "start": {
          "line": 39,
          "column": 8
        },
        "end": {
          "line": 39,
          "column": 42
        }
      },
      "16": {
        "start": {
          "line": 40,
          "column": 8
        },
        "end": {
          "line": 40,
          "column": 26
        }
      },
      "17": {
        "start": {
          "line": 42,
          "column": 24
        },
        "end": {
          "line": 46,
          "column": 5
        }
      },
      "18": {
        "start": {
          "line": 43,
          "column": 22
        },
        "end": {
          "line": 43,
          "column": 26
        }
      },
      "19": {
        "start": {
          "line": 44,
          "column": 8
        },
        "end": {
          "line": 44,
          "column": 39
        }
      },
      "20": {
        "start": {
          "line": 45,
          "column": 8
        },
        "end": {
          "line": 45,
          "column": 26
        }
      },
      "21": {
        "start": {
          "line": 47,
          "column": 24
        },
        "end": {
          "line": 51,
          "column": 5
        }
      },
      "22": {
        "start": {
          "line": 48,
          "column": 22
        },
        "end": {
          "line": 48,
          "column": 26
        }
      },
      "23": {
        "start": {
          "line": 49,
          "column": 8
        },
        "end": {
          "line": 49,
          "column": 40
        }
      },
      "24": {
        "start": {
          "line": 50,
          "column": 8
        },
        "end": {
          "line": 50,
          "column": 26
        }
      },
      "25": {
        "start": {
          "line": 52,
          "column": 24
        },
        "end": {
          "line": 56,
          "column": 5
        }
      },
      "26": {
        "start": {
          "line": 53,
          "column": 22
        },
        "end": {
          "line": 53,
          "column": 26
        }
      },
      "27": {
        "start": {
          "line": 54,
          "column": 8
        },
        "end": {
          "line": 54,
          "column": 40
        }
      },
      "28": {
        "start": {
          "line": 55,
          "column": 8
        },
        "end": {
          "line": 55,
          "column": 26
        }
      },
      "29": {
        "start": {
          "line": 57,
          "column": 24
        },
        "end": {
          "line": 61,
          "column": 5
        }
      },
      "30": {
        "start": {
          "line": 58,
          "column": 22
        },
        "end": {
          "line": 58,
          "column": 26
        }
      },
      "31": {
        "start": {
          "line": 59,
          "column": 8
        },
        "end": {
          "line": 59,
          "column": 43
        }
      },
      "32": {
        "start": {
          "line": 60,
          "column": 8
        },
        "end": {
          "line": 60,
          "column": 26
        }
      },
      "33": {
        "start": {
          "line": 63,
          "column": 21
        },
        "end": {
          "line": 66,
          "column": 3
        }
      },
      "34": {
        "start": {
          "line": 64,
          "column": 8
        },
        "end": {
          "line": 64,
          "column": 30
        }
      },
      "35": {
        "start": {
          "line": 65,
          "column": 8
        },
        "end": {
          "line": 65,
          "column": 30
        }
      },
      "36": {
        "start": {
          "line": 68,
          "column": 2
        },
        "end": {
          "line": 149,
          "column": 4
        }
      },
      "37": {
        "start": {
          "line": 141,
          "column": 76
        },
        "end": {
          "line": 141,
          "column": 92
        }
      }
    },
    "fnMap": {
      "0": {
        "name": "(anonymous_0)",
        "decl": {
          "start": {
            "line": 13,
            "column": 25
          },
          "end": {
            "line": 13,
            "column": 26
          }
        },
        "loc": {
          "start": {
            "line": 13,
            "column": 50
          },
          "end": {
            "line": 150,
            "column": 1
          }
        },
        "line": 13
      },
      "1": {
        "name": "(anonymous_1)",
        "decl": {
          "start": {
            "line": 19,
            "column": 33
          },
          "end": {
            "line": 19,
            "column": 34
          }
        },
        "loc": {
          "start": {
            "line": 19,
            "column": 45
          },
          "end": {
            "line": 29,
            "column": 7
          }
        },
        "line": 19
      },
      "2": {
        "name": "(anonymous_2)",
        "decl": {
          "start": {
            "line": 31,
            "column": 31
          },
          "end": {
            "line": 31,
            "column": 32
          }
        },
        "loc": {
          "start": {
            "line": 31,
            "column": 38
          },
          "end": {
            "line": 36,
            "column": 5
          }
        },
        "line": 31
      },
      "3": {
        "name": "(anonymous_3)",
        "decl": {
          "start": {
            "line": 37,
            "column": 27
          },
          "end": {
            "line": 37,
            "column": 28
          }
        },
        "loc": {
          "start": {
            "line": 37,
            "column": 34
          },
          "end": {
            "line": 41,
            "column": 5
          }
        },
        "line": 37
      },
      "4": {
        "name": "(anonymous_4)",
        "decl": {
          "start": {
            "line": 42,
            "column": 24
          },
          "end": {
            "line": 42,
            "column": 25
          }
        },
        "loc": {
          "start": {
            "line": 42,
            "column": 31
          },
          "end": {
            "line": 46,
            "column": 5
          }
        },
        "line": 42
      },
      "5": {
        "name": "(anonymous_5)",
        "decl": {
          "start": {
            "line": 47,
            "column": 24
          },
          "end": {
            "line": 47,
            "column": 25
          }
        },
        "loc": {
          "start": {
            "line": 47,
            "column": 31
          },
          "end": {
            "line": 51,
            "column": 5
          }
        },
        "line": 47
      },
      "6": {
        "name": "(anonymous_6)",
        "decl": {
          "start": {
            "line": 52,
            "column": 24
          },
          "end": {
            "line": 52,
            "column": 25
          }
        },
        "loc": {
          "start": {
            "line": 52,
            "column": 31
          },
          "end": {
            "line": 56,
            "column": 5
          }
        },
        "line": 52
      },
      "7": {
        "name": "(anonymous_7)",
        "decl": {
          "start": {
            "line": 57,
            "column": 24
          },
          "end": {
            "line": 57,
            "column": 25
          }
        },
        "loc": {
          "start": {
            "line": 57,
            "column": 31
          },
          "end": {
            "line": 61,
            "column": 5
          }
        },
        "line": 57
      },
      "8": {
        "name": "(anonymous_8)",
        "decl": {
          "start": {
            "line": 63,
            "column": 21
          },
          "end": {
            "line": 63,
            "column": 22
          }
        },
        "loc": {
          "start": {
            "line": 63,
            "column": 27
          },
          "end": {
            "line": 66,
            "column": 3
          }
        },
        "line": 63
      },
      "9": {
        "name": "(anonymous_9)",
        "decl": {
          "start": {
            "line": 141,
            "column": 70
          },
          "end": {
            "line": 141,
            "column": 71
          }
        },
        "loc": {
          "start": {
            "line": 141,
            "column": 76
          },
          "end": {
            "line": 141,
            "column": 92
          }
        },
        "line": 141
      }
    },
    "branchMap": {},
    "s": {
      "0": 3,
      "1": 4,
      "2": 4,
      "3": 4,
      "4": 4,
      "5": 4,
      "6": 4,
      "7": 4,
      "8": 4,
      "9": 0,
      "10": 0,
      "11": 0,
      "12": 0,
      "13": 4,
      "14": 0,
      "15": 0,
      "16": 0,
      "17": 4,
      "18": 0,
      "19": 0,
      "20": 0,
      "21": 4,
      "22": 0,
      "23": 0,
      "24": 0,
      "25": 4,
      "26": 0,
      "27": 0,
      "28": 0,
      "29": 4,
      "30": 0,
      "31": 0,
      "32": 0,
      "33": 4,
      "34": 1,
      "35": 1,
      "36": 4,
      "37": 1
    },
    "f": {
      "0": 4,
      "1": 4,
      "2": 0,
      "3": 0,
      "4": 0,
      "5": 0,
      "6": 0,
      "7": 0,
      "8": 1,
      "9": 1
    },
    "b": {},
    "_coverageSchema": "1a1c01bbd47fc00a2c39e90264f33305004495a9",
    "hash": "a1128c49095c635ea31c959cb7ea9398d6795389"
  },
  "D:\\forStudy\\movie2 - 1\\moviesApp\\src\\pages\\personalInfoEditPage.js": {
    "path": "D:\\forStudy\\movie2 - 1\\moviesApp\\src\\pages\\personalInfoEditPage.js",
    "statementMap": {
      "0": {
        "start": {
          "line": 5,
          "column": 29
        },
        "end": {
          "line": 11,
          "column": 1
        }
      },
      "1": {
        "start": {
          "line": 6,
          "column": 20
        },
        "end": {
          "line": 6,
          "column": 47
        }
      },
      "2": {
        "start": {
          "line": 7,
          "column": 16
        },
        "end": {
          "line": 7,
          "column": 28
        }
      },
      "3": {
        "start": {
          "line": 8,
          "column": 2
        },
        "end": {
          "line": 10,
          "column": 4
        }
      }
    },
    "fnMap": {
      "0": {
        "name": "(anonymous_0)",
        "decl": {
          "start": {
            "line": 5,
            "column": 29
          },
          "end": {
            "line": 5,
            "column": 30
          }
        },
        "loc": {
          "start": {
            "line": 5,
            "column": 44
          },
          "end": {
            "line": 11,
            "column": 1
          }
        },
        "line": 5
      }
    },
    "branchMap": {},
    "s": {
      "0": 3,
      "1": 4,
      "2": 4,
      "3": 4
    },
    "f": {
      "0": 4
    },
    "b": {},
    "_coverageSchema": "1a1c01bbd47fc00a2c39e90264f33305004495a9",
    "hash": "f96e5a199de1c05767383bdc67a64304b62649c6"
  }
}